[0.005s] Invoking command in '/home/eugene/source/lidar_odometry_ros_wrapper/build/lidar_odometry_ros': CMAKE_PREFIX_PATH=/opt/ros/humble /usr/bin/cmake --build /home/eugene/source/lidar_odometry_ros_wrapper/build/lidar_odometry_ros -- -j28 -l28
[0.019s] -- Found ament_cmake: 1.3.12 (/opt/ros/humble/share/ament_cmake/cmake)
[0.076s] -- Found rclcpp: 16.0.14 (/opt/ros/humble/share/rclcpp/cmake)
[0.089s] -- Found rosidl_generator_c: 3.1.7 (/opt/ros/humble/share/rosidl_generator_c/cmake)
[0.090s] -- Found rosidl_adapter: 3.1.7 (/opt/ros/humble/share/rosidl_adapter/cmake)
[0.092s] -- Found rosidl_generator_cpp: 3.1.7 (/opt/ros/humble/share/rosidl_generator_cpp/cmake)
[0.096s] -- Using all available rosidl_typesupport_c: rosidl_typesupport_fastrtps_c;rosidl_typesupport_introspection_c
[0.102s] -- Using all available rosidl_typesupport_cpp: rosidl_typesupport_fastrtps_cpp;rosidl_typesupport_introspection_cpp
[0.116s] -- Found rmw_implementation_cmake: 6.1.2 (/opt/ros/humble/share/rmw_implementation_cmake/cmake)
[0.117s] -- Found rmw_fastrtps_cpp: 6.2.8 (/opt/ros/humble/share/rmw_fastrtps_cpp/cmake)
[0.169s] -- Using RMW implementation 'rmw_fastrtps_cpp' as default
[0.193s] -- Found sensor_msgs: 4.9.0 (/opt/ros/humble/share/sensor_msgs/cmake)
[0.205s] -- Found nav_msgs: 4.9.0 (/opt/ros/humble/share/nav_msgs/cmake)
[0.212s] -- Found visualization_msgs: 4.9.0 (/opt/ros/humble/share/visualization_msgs/cmake)
[0.221s] -- Found tf2: 0.25.15 (/opt/ros/humble/share/tf2/cmake)
[0.223s] -- Found tf2_ros: 0.25.15 (/opt/ros/humble/share/tf2_ros/cmake)
[0.264s] -- Found tf2_geometry_msgs: 0.25.15 (/opt/ros/humble/share/tf2_geometry_msgs/cmake)
[0.265s] -- Found eigen3_cmake_module: 0.1.1 (/opt/ros/humble/share/eigen3_cmake_module/cmake)
[0.266s] -- Found Eigen3: TRUE (found version "3.4.0") 
[0.266s] -- Ensuring Eigen3 include directory is part of orocos-kdl CMake target
[0.273s] -- Eigen found (include: /usr/include/eigen3, version: 3.4.0)
[0.287s] -- FLANN found (include: /usr/include, lib: /usr/lib/x86_64-linux-gnu/libflann_cpp.so)
[0.288s] -- looking for PCL_COMMON
[0.288s] -- looking for PCL_KDTREE
[0.288s] -- looking for PCL_OCTREE
[0.288s] -- looking for PCL_SEARCH
[0.288s] -- looking for PCL_SAMPLE_CONSENSUS
[0.288s] -- looking for PCL_FILTERS
[0.289s] -- Found pcl_conversions: 2.4.5 (/opt/ros/humble/share/pcl_conversions/cmake)
[0.303s] -- Detected Ceres version: 2.0.0 from /home/eugene/source/lidar_odometry_ros_wrapper/lidar_odometry/thirdparty/ceres-solver/include/ceres/version.h
[0.304s] [0m-- Detected available Ceres threading models: [CXX_THREADS, OPENMP, NO_THREADS][0m
[0.304s] [0m-- Building with C++17[0m
[0.305s] -- Found Eigen3: TRUE (found suitable version "3.4.0", minimum required is "3.3") 
[0.305s] [0m-- Found Eigen version 3.4.0: /usr/include/eigen3[0m
[0.305s] [0m-- Enabling use of Eigen as a sparse linear algebra library.[0m
[0.322s] [0m-- Found LAPACK library: /usr/lib/x86_64-linux-gnu/liblapack.so;/usr/lib/x86_64-linux-gnu/libblas.so;/usr/lib/x86_64-linux-gnu/libf77blas.so;/usr/lib/x86_64-linux-gnu/libatlas.so[0m
[0.322s] [0m-- Building without SuiteSparse.[0m
[0.323s] [0m-- Found CXSparse version: 3.2.0, building with CXSparse.[0m
[0.323s] [0m-- Building without Apple's Accelerate sparse support.[0m
[0.323s] [0m-- Found Google Flags (gflags) version 2.2.2: /usr/lib/x86_64-linux-gnu/cmake/gflags[0m
[0.323s] -- No preference for use of exported glog CMake configuration set, and no hints for include/library directories provided. Defaulting to preferring an installed/exported glog CMake configuration if available.
[0.324s] -- Found installed version of glog: /usr/lib/x86_64-linux-gnu/cmake/glog
[0.324s] -- Detected glog version: 0.4.0
[0.324s] [0m-- Found Google Log (glog). Assuming glog was built with gflags support as gflags was found. This will make gflags a public dependency of Ceres.[0m
[0.324s] [0m-- Using Ceres threading model: CXX_THREADS[0m
[0.325s] [0m-- Building Ceres as a static library.[0m
[0.325s] -- Enabling CERES_USE_EIGEN_SPARSE in Ceres config.h
[0.325s] -- Enabling CERES_NO_SUITESPARSE in Ceres config.h
[0.325s] -- Enabling CERES_NO_ACCELERATE_SPARSE in Ceres config.h
[0.325s] -- Enabling CERES_USE_CXX_THREADS in Ceres config.h
[0.328s] [0m-- Do not build any example.[0m
[0.374s] -- Configuring done
[0.395s] -- Generating done
[0.399s] -- Build files have been written to: /home/eugene/source/lidar_odometry_ros_wrapper/build/lidar_odometry_ros
[0.446s] [35m[1mConsolidate compiler generated dependencies of target ceres[0m
[0.537s] [ 93%] Built target ceres
[0.547s] [35m[1mConsolidate compiler generated dependencies of target lidar_odometry_node[0m
[0.574s] [ 93%] [32mBuilding CXX object CMakeFiles/lidar_odometry_node.dir/src/lidar_odometry_ros.cpp.o[0m
[11.116s] [ 94%] [32m[1mLinking CXX executable lidar_odometry_node[0m
[11.472s] [100%] Built target lidar_odometry_node
[11.480s] Invoked command in '/home/eugene/source/lidar_odometry_ros_wrapper/build/lidar_odometry_ros' returned '0': CMAKE_PREFIX_PATH=/opt/ros/humble /usr/bin/cmake --build /home/eugene/source/lidar_odometry_ros_wrapper/build/lidar_odometry_ros -- -j28 -l28
[11.487s] Invoking command in '/home/eugene/source/lidar_odometry_ros_wrapper/build/lidar_odometry_ros': CMAKE_PREFIX_PATH=/opt/ros/humble /usr/bin/cmake --install /home/eugene/source/lidar_odometry_ros_wrapper/build/lidar_odometry_ros
[11.491s] -- Install configuration: "Release"
[11.491s] -- Installing: /home/eugene/source/lidar_odometry_ros_wrapper/install/lidar_odometry_ros/lib/lidar_odometry_ros/lidar_odometry_node
[11.495s] -- Set runtime path of "/home/eugene/source/lidar_odometry_ros_wrapper/install/lidar_odometry_ros/lib/lidar_odometry_ros/lidar_odometry_node" to ""
[11.495s] -- Up-to-date: /home/eugene/source/lidar_odometry_ros_wrapper/install/lidar_odometry_ros/share/lidar_odometry_ros/launch
[11.495s] -- Up-to-date: /home/eugene/source/lidar_odometry_ros_wrapper/install/lidar_odometry_ros/share/lidar_odometry_ros/launch/lidar_odometry.launch.py
[11.495s] [31mCMake Error at cmake_install.cmake:70 (file):
[11.495s]   file INSTALL cannot find
[11.495s]   "/home/eugene/source/lidar_odometry_ros_wrapper/config": No such file or
[11.495s]   directory.
[11.495s] 
[11.495s] [0m
[11.495s] Invoked command in '/home/eugene/source/lidar_odometry_ros_wrapper/build/lidar_odometry_ros' returned '1': CMAKE_PREFIX_PATH=/opt/ros/humble /usr/bin/cmake --install /home/eugene/source/lidar_odometry_ros_wrapper/build/lidar_odometry_ros
