[0.005s] Invoking command in '/home/eugene/source/lidar_odometry_ros_wrapper/build/lidar_odometry_ros': CMAKE_PREFIX_PATH=/opt/ros/humble /usr/bin/cmake --build /home/eugene/source/lidar_odometry_ros_wrapper/build/lidar_odometry_ros -- -j28 -l28
[0.084s] [ 93%] Built target ceres
[0.099s] [35m[1mConsolidate compiler generated dependencies of target lidar_odometry_node[0m
[0.126s] [ 93%] [32mBuilding CXX object CMakeFiles/lidar_odometry_node.dir/src/lidar_odometry_ros.cpp.o[0m
[10.621s] [ 94%] [32m[1mLinking CXX executable lidar_odometry_node[0m
[10.977s] [100%] Built target lidar_odometry_node
[10.984s] Invoked command in '/home/eugene/source/lidar_odometry_ros_wrapper/build/lidar_odometry_ros' returned '0': CMAKE_PREFIX_PATH=/opt/ros/humble /usr/bin/cmake --build /home/eugene/source/lidar_odometry_ros_wrapper/build/lidar_odometry_ros -- -j28 -l28
[10.988s] Invoking command in '/home/eugene/source/lidar_odometry_ros_wrapper/build/lidar_odometry_ros': CMAKE_PREFIX_PATH=/opt/ros/humble /usr/bin/cmake --install /home/eugene/source/lidar_odometry_ros_wrapper/build/lidar_odometry_ros
[10.992s] -- Install configuration: "Release"
[10.992s] -- Installing: /home/eugene/source/lidar_odometry_ros_wrapper/install/lidar_odometry_ros/lib/lidar_odometry_ros/lidar_odometry_node
[10.996s] -- Set runtime path of "/home/eugene/source/lidar_odometry_ros_wrapper/install/lidar_odometry_ros/lib/lidar_odometry_ros/lidar_odometry_node" to ""
[10.996s] -- Up-to-date: /home/eugene/source/lidar_odometry_ros_wrapper/install/lidar_odometry_ros/share/lidar_odometry_ros/launch
[10.996s] -- Up-to-date: /home/eugene/source/lidar_odometry_ros_wrapper/install/lidar_odometry_ros/share/lidar_odometry_ros/launch/lidar_odometry.launch.py
[10.996s] -- Up-to-date: /home/eugene/source/lidar_odometry_ros_wrapper/install/lidar_odometry_ros/share/lidar_odometry_ros/config
[10.996s] -- Up-to-date: /home/eugene/source/lidar_odometry_ros_wrapper/install/lidar_odometry_ros/share/lidar_odometry_ros/config/lidar_odometry_ros.yaml
[10.996s] -- Up-to-date: /home/eugene/source/lidar_odometry_ros_wrapper/install/lidar_odometry_ros/share/lidar_odometry_ros/rviz
[10.996s] -- Up-to-date: /home/eugene/source/lidar_odometry_ros_wrapper/install/lidar_odometry_ros/share/lidar_odometry_ros/rviz/lidar_odometry.rviz
[10.996s] -- Up-to-date: /home/eugene/source/lidar_odometry_ros_wrapper/install/lidar_odometry_ros/share/ament_index/resource_index/package_run_dependencies/lidar_odometry_ros
[10.996s] -- Up-to-date: /home/eugene/source/lidar_odometry_ros_wrapper/install/lidar_odometry_ros/share/ament_index/resource_index/parent_prefix_path/lidar_odometry_ros
[10.996s] -- Up-to-date: /home/eugene/source/lidar_odometry_ros_wrapper/install/lidar_odometry_ros/share/lidar_odometry_ros/environment/ament_prefix_path.sh
[10.996s] -- Up-to-date: /home/eugene/source/lidar_odometry_ros_wrapper/install/lidar_odometry_ros/share/lidar_odometry_ros/environment/ament_prefix_path.dsv
[10.996s] -- Up-to-date: /home/eugene/source/lidar_odometry_ros_wrapper/install/lidar_odometry_ros/share/lidar_odometry_ros/environment/path.sh
[10.996s] -- Up-to-date: /home/eugene/source/lidar_odometry_ros_wrapper/install/lidar_odometry_ros/share/lidar_odometry_ros/environment/path.dsv
[10.996s] -- Up-to-date: /home/eugene/source/lidar_odometry_ros_wrapper/install/lidar_odometry_ros/share/lidar_odometry_ros/local_setup.bash
[10.997s] -- Up-to-date: /home/eugene/source/lidar_odometry_ros_wrapper/install/lidar_odometry_ros/share/lidar_odometry_ros/local_setup.sh
[10.997s] -- Up-to-date: /home/eugene/source/lidar_odometry_ros_wrapper/install/lidar_odometry_ros/share/lidar_odometry_ros/local_setup.zsh
[10.997s] -- Up-to-date: /home/eugene/source/lidar_odometry_ros_wrapper/install/lidar_odometry_ros/share/lidar_odometry_ros/local_setup.dsv
[10.997s] -- Installing: /home/eugene/source/lidar_odometry_ros_wrapper/install/lidar_odometry_ros/share/lidar_odometry_ros/package.dsv
[10.997s] -- Up-to-date: /home/eugene/source/lidar_odometry_ros_wrapper/install/lidar_odometry_ros/share/ament_index/resource_index/packages/lidar_odometry_ros
[10.997s] -- Up-to-date: /home/eugene/source/lidar_odometry_ros_wrapper/install/lidar_odometry_ros/share/lidar_odometry_ros/cmake/lidar_odometry_rosConfig.cmake
[10.997s] -- Up-to-date: /home/eugene/source/lidar_odometry_ros_wrapper/install/lidar_odometry_ros/share/lidar_odometry_ros/cmake/lidar_odometry_rosConfig-version.cmake
[10.997s] -- Up-to-date: /home/eugene/source/lidar_odometry_ros_wrapper/install/lidar_odometry_ros/share/lidar_odometry_ros/package.xml
[10.998s] Invoked command in '/home/eugene/source/lidar_odometry_ros_wrapper/build/lidar_odometry_ros' returned '0': CMAKE_PREFIX_PATH=/opt/ros/humble /usr/bin/cmake --install /home/eugene/source/lidar_odometry_ros_wrapper/build/lidar_odometry_ros
