[ 93%] Built target ceres
[35m[1mConsolidate compiler generated dependencies of target lidar_odometry_node[0m
[ 93%] [32mBuilding CXX object CMakeFiles/lidar_odometry_node.dir/src/lidar_odometry_ros.cpp.o[0m
[ 94%] [32m[1mLinking CXX executable lidar_odometry_node[0m
[100%] Built target lidar_odometry_node
-- Install configuration: "Release"
-- Execute custom install script
-- Up-to-date symlink: /home/eugene/source/lidar_odometry_ros_wrapper/install/lidar_odometry_ros/include/ceres/autodiff_cost_function.h
-- Up-to-date symlink: /home/eugene/source/lidar_odometry_ros_wrapper/install/lidar_odometry_ros/include/ceres/autodiff_first_order_function.h
-- Up-to-date symlink: /home/eugene/source/lidar_odometry_ros_wrapper/install/lidar_odometry_ros/include/ceres/autodiff_local_parameterization.h
-- Up-to-date symlink: /home/eugene/source/lidar_odometry_ros_wrapper/install/lidar_odometry_ros/include/ceres/c_api.h
-- Up-to-date symlink: /home/eugene/source/lidar_odometry_ros_wrapper/install/lidar_odometry_ros/include/ceres/ceres.h
-- Up-to-date symlink: /home/eugene/source/lidar_odometry_ros_wrapper/install/lidar_odometry_ros/include/ceres/conditioned_cost_function.h
-- Up-to-date symlink: /home/eugene/source/lidar_odometry_ros_wrapper/install/lidar_odometry_ros/include/ceres/context.h
-- Up-to-date symlink: /home/eugene/source/lidar_odometry_ros_wrapper/install/lidar_odometry_ros/include/ceres/cost_function.h
-- Up-to-date symlink: /home/eugene/source/lidar_odometry_ros_wrapper/install/lidar_odometry_ros/include/ceres/cost_function_to_functor.h
-- Up-to-date symlink: /home/eugene/source/lidar_odometry_ros_wrapper/install/lidar_odometry_ros/include/ceres/covariance.h
-- Up-to-date symlink: /home/eugene/source/lidar_odometry_ros_wrapper/install/lidar_odometry_ros/include/ceres/crs_matrix.h
-- Up-to-date symlink: /home/eugene/source/lidar_odometry_ros_wrapper/install/lidar_odometry_ros/include/ceres/cubic_interpolation.h
-- Up-to-date symlink: /home/eugene/source/lidar_odometry_ros_wrapper/install/lidar_odometry_ros/include/ceres/dynamic_autodiff_cost_function.h
-- Up-to-date symlink: /home/eugene/source/lidar_odometry_ros_wrapper/install/lidar_odometry_ros/include/ceres/dynamic_cost_function.h
-- Up-to-date symlink: /home/eugene/source/lidar_odometry_ros_wrapper/install/lidar_odometry_ros/include/ceres/dynamic_cost_function_to_functor.h
-- Up-to-date symlink: /home/eugene/source/lidar_odometry_ros_wrapper/install/lidar_odometry_ros/include/ceres/dynamic_numeric_diff_cost_function.h
-- Up-to-date symlink: /home/eugene/source/lidar_odometry_ros_wrapper/install/lidar_odometry_ros/include/ceres/evaluation_callback.h
-- Up-to-date symlink: /home/eugene/source/lidar_odometry_ros_wrapper/install/lidar_odometry_ros/include/ceres/first_order_function.h
-- Up-to-date symlink: /home/eugene/source/lidar_odometry_ros_wrapper/install/lidar_odometry_ros/include/ceres/gradient_checker.h
-- Up-to-date symlink: /home/eugene/source/lidar_odometry_ros_wrapper/install/lidar_odometry_ros/include/ceres/gradient_problem.h
-- Up-to-date symlink: /home/eugene/source/lidar_odometry_ros_wrapper/install/lidar_odometry_ros/include/ceres/gradient_problem_solver.h
-- Up-to-date symlink: /home/eugene/source/lidar_odometry_ros_wrapper/install/lidar_odometry_ros/include/ceres/iteration_callback.h
-- Up-to-date symlink: /home/eugene/source/lidar_odometry_ros_wrapper/install/lidar_odometry_ros/include/ceres/jet.h
-- Up-to-date symlink: /home/eugene/source/lidar_odometry_ros_wrapper/install/lidar_odometry_ros/include/ceres/local_parameterization.h
-- Up-to-date symlink: /home/eugene/source/lidar_odometry_ros_wrapper/install/lidar_odometry_ros/include/ceres/loss_function.h
-- Up-to-date symlink: /home/eugene/source/lidar_odometry_ros_wrapper/install/lidar_odometry_ros/include/ceres/normal_prior.h
-- Up-to-date symlink: /home/eugene/source/lidar_odometry_ros_wrapper/install/lidar_odometry_ros/include/ceres/numeric_diff_cost_function.h
-- Up-to-date symlink: /home/eugene/source/lidar_odometry_ros_wrapper/install/lidar_odometry_ros/include/ceres/numeric_diff_options.h
-- Up-to-date symlink: /home/eugene/source/lidar_odometry_ros_wrapper/install/lidar_odometry_ros/include/ceres/ordered_groups.h
-- Up-to-date symlink: /home/eugene/source/lidar_odometry_ros_wrapper/install/lidar_odometry_ros/include/ceres/problem.h
-- Up-to-date symlink: /home/eugene/source/lidar_odometry_ros_wrapper/install/lidar_odometry_ros/include/ceres/rotation.h
-- Up-to-date symlink: /home/eugene/source/lidar_odometry_ros_wrapper/install/lidar_odometry_ros/include/ceres/sized_cost_function.h
-- Up-to-date symlink: /home/eugene/source/lidar_odometry_ros_wrapper/install/lidar_odometry_ros/include/ceres/solver.h
-- Up-to-date symlink: /home/eugene/source/lidar_odometry_ros_wrapper/install/lidar_odometry_ros/include/ceres/tiny_solver.h
-- Up-to-date symlink: /home/eugene/source/lidar_odometry_ros_wrapper/install/lidar_odometry_ros/include/ceres/tiny_solver_autodiff_function.h
-- Up-to-date symlink: /home/eugene/source/lidar_odometry_ros_wrapper/install/lidar_odometry_ros/include/ceres/tiny_solver_cost_function_adapter.h
-- Up-to-date symlink: /home/eugene/source/lidar_odometry_ros_wrapper/install/lidar_odometry_ros/include/ceres/types.h
-- Up-to-date symlink: /home/eugene/source/lidar_odometry_ros_wrapper/install/lidar_odometry_ros/include/ceres/version.h
-- Up-to-date symlink: /home/eugene/source/lidar_odometry_ros_wrapper/install/lidar_odometry_ros/include/ceres/internal/array_selector.h
-- Up-to-date symlink: /home/eugene/source/lidar_odometry_ros_wrapper/install/lidar_odometry_ros/include/ceres/internal/autodiff.h
-- Up-to-date symlink: /home/eugene/source/lidar_odometry_ros_wrapper/install/lidar_odometry_ros/include/ceres/internal/disable_warnings.h
-- Up-to-date symlink: /home/eugene/source/lidar_odometry_ros_wrapper/install/lidar_odometry_ros/include/ceres/internal/eigen.h
-- Up-to-date symlink: /home/eugene/source/lidar_odometry_ros_wrapper/install/lidar_odometry_ros/include/ceres/internal/fixed_array.h
-- Up-to-date symlink: /home/eugene/source/lidar_odometry_ros_wrapper/install/lidar_odometry_ros/include/ceres/internal/householder_vector.h
-- Up-to-date symlink: /home/eugene/source/lidar_odometry_ros_wrapper/install/lidar_odometry_ros/include/ceres/internal/integer_sequence_algorithm.h
-- Up-to-date symlink: /home/eugene/source/lidar_odometry_ros_wrapper/install/lidar_odometry_ros/include/ceres/internal/line_parameterization.h
-- Up-to-date symlink: /home/eugene/source/lidar_odometry_ros_wrapper/install/lidar_odometry_ros/include/ceres/internal/memory.h
-- Up-to-date symlink: /home/eugene/source/lidar_odometry_ros_wrapper/install/lidar_odometry_ros/include/ceres/internal/numeric_diff.h
-- Up-to-date symlink: /home/eugene/source/lidar_odometry_ros_wrapper/install/lidar_odometry_ros/include/ceres/internal/parameter_dims.h
-- Up-to-date symlink: /home/eugene/source/lidar_odometry_ros_wrapper/install/lidar_odometry_ros/include/ceres/internal/port.h
-- Up-to-date symlink: /home/eugene/source/lidar_odometry_ros_wrapper/install/lidar_odometry_ros/include/ceres/internal/reenable_warnings.h
-- Up-to-date symlink: /home/eugene/source/lidar_odometry_ros_wrapper/install/lidar_odometry_ros/include/ceres/internal/variadic_evaluate.h
-- Up-to-date symlink: /home/eugene/source/lidar_odometry_ros_wrapper/install/lidar_odometry_ros/include/ceres/internal/config.h
-- Up-to-date symlink: /home/eugene/source/lidar_odometry_ros_wrapper/install/lidar_odometry_ros/lib/cmake/Ceres/CeresConfig.cmake
-- Up-to-date symlink: /home/eugene/source/lidar_odometry_ros_wrapper/install/lidar_odometry_ros/lib/cmake/Ceres/CeresConfigVersion.cmake
-- Up-to-date symlink: /home/eugene/source/lidar_odometry_ros_wrapper/install/lidar_odometry_ros/lib/lidar_odometry_ros/lidar_odometry_node
-- Up-to-date symlink: /home/eugene/source/lidar_odometry_ros_wrapper/install/lidar_odometry_ros/share/lidar_odometry_ros/launch/lidar_odometry.launch.py
-- Up-to-date symlink: /home/eugene/source/lidar_odometry_ros_wrapper/install/lidar_odometry_ros/share/lidar_odometry_ros/config/kitti.yaml
-- Up-to-date symlink: /home/eugene/source/lidar_odometry_ros_wrapper/install/lidar_odometry_ros/share/lidar_odometry_ros/rviz/lidar_odometry.rviz
-- Up-to-date symlink: /home/eugene/source/lidar_odometry_ros_wrapper/install/lidar_odometry_ros/share/ament_index/resource_index/package_run_dependencies/lidar_odometry_ros
-- Up-to-date symlink: /home/eugene/source/lidar_odometry_ros_wrapper/install/lidar_odometry_ros/share/ament_index/resource_index/parent_prefix_path/lidar_odometry_ros
-- Up-to-date symlink: /home/eugene/source/lidar_odometry_ros_wrapper/install/lidar_odometry_ros/share/lidar_odometry_ros/environment/ament_prefix_path.sh
-- Up-to-date symlink: /home/eugene/source/lidar_odometry_ros_wrapper/install/lidar_odometry_ros/share/lidar_odometry_ros/environment/ament_prefix_path.dsv
-- Up-to-date symlink: /home/eugene/source/lidar_odometry_ros_wrapper/install/lidar_odometry_ros/share/lidar_odometry_ros/environment/path.sh
-- Up-to-date symlink: /home/eugene/source/lidar_odometry_ros_wrapper/install/lidar_odometry_ros/share/lidar_odometry_ros/environment/path.dsv
-- Up-to-date symlink: /home/eugene/source/lidar_odometry_ros_wrapper/install/lidar_odometry_ros/share/lidar_odometry_ros/local_setup.bash
-- Up-to-date symlink: /home/eugene/source/lidar_odometry_ros_wrapper/install/lidar_odometry_ros/share/lidar_odometry_ros/local_setup.sh
-- Up-to-date symlink: /home/eugene/source/lidar_odometry_ros_wrapper/install/lidar_odometry_ros/share/lidar_odometry_ros/local_setup.zsh
-- Up-to-date symlink: /home/eugene/source/lidar_odometry_ros_wrapper/install/lidar_odometry_ros/share/lidar_odometry_ros/local_setup.dsv
-- Symlinking: /home/eugene/source/lidar_odometry_ros_wrapper/install/lidar_odometry_ros/share/lidar_odometry_ros/package.dsv
-- Up-to-date symlink: /home/eugene/source/lidar_odometry_ros_wrapper/install/lidar_odometry_ros/share/ament_index/resource_index/packages/lidar_odometry_ros
-- Up-to-date symlink: /home/eugene/source/lidar_odometry_ros_wrapper/install/lidar_odometry_ros/share/lidar_odometry_ros/cmake/lidar_odometry_rosConfig.cmake
-- Up-to-date symlink: /home/eugene/source/lidar_odometry_ros_wrapper/install/lidar_odometry_ros/share/lidar_odometry_ros/cmake/lidar_odometry_rosConfig-version.cmake
-- Up-to-date symlink: /home/eugene/source/lidar_odometry_ros_wrapper/install/lidar_odometry_ros/share/lidar_odometry_ros/package.xml
