[0.006s] Invoking command in '/home/eugene/source/lidar_odometry_ros_wrapper/build/lidar_odometry_ros': CMAKE_PREFIX_PATH=/opt/ros/humble /usr/bin/cmake /home/eugene/source/lidar_odometry_ros_wrapper -DAMENT_CMAKE_SYMLINK_INSTALL=1 -DCMAKE_INSTALL_PREFIX=/home/eugene/source/lidar_odometry_ros_wrapper/install/lidar_odometry_ros
[0.012s] -- Found ament_cmake: 1.3.12 (/opt/ros/humble/share/ament_cmake/cmake)
[0.073s] -- Override CMake install command with custom implementation using symlinks instead of copying resources
[0.076s] -- Found rclcpp: 16.0.14 (/opt/ros/humble/share/rclcpp/cmake)
[0.089s] -- Found rosidl_generator_c: 3.1.7 (/opt/ros/humble/share/rosidl_generator_c/cmake)
[0.090s] -- Found rosidl_adapter: 3.1.7 (/opt/ros/humble/share/rosidl_adapter/cmake)
[0.092s] -- Found rosidl_generator_cpp: 3.1.7 (/opt/ros/humble/share/rosidl_generator_cpp/cmake)
[0.096s] -- Using all available rosidl_typesupport_c: rosidl_typesupport_fastrtps_c;rosidl_typesupport_introspection_c
[0.102s] -- Using all available rosidl_typesupport_cpp: rosidl_typesupport_fastrtps_cpp;rosidl_typesupport_introspection_cpp
[0.116s] -- Found rmw_implementation_cmake: 6.1.2 (/opt/ros/humble/share/rmw_implementation_cmake/cmake)
[0.116s] -- Found rmw_fastrtps_cpp: 6.2.8 (/opt/ros/humble/share/rmw_fastrtps_cpp/cmake)
[0.167s] -- Using RMW implementation 'rmw_fastrtps_cpp' as default
[0.191s] -- Found sensor_msgs: 4.9.0 (/opt/ros/humble/share/sensor_msgs/cmake)
[0.204s] -- Found nav_msgs: 4.9.0 (/opt/ros/humble/share/nav_msgs/cmake)
[0.211s] -- Found visualization_msgs: 4.9.0 (/opt/ros/humble/share/visualization_msgs/cmake)
[0.219s] -- Found tf2: 0.25.15 (/opt/ros/humble/share/tf2/cmake)
[0.221s] -- Found tf2_ros: 0.25.15 (/opt/ros/humble/share/tf2_ros/cmake)
[0.255s] -- Found tf2_geometry_msgs: 0.25.15 (/opt/ros/humble/share/tf2_geometry_msgs/cmake)
[0.256s] -- Found eigen3_cmake_module: 0.1.1 (/opt/ros/humble/share/eigen3_cmake_module/cmake)
[0.257s] -- Found Eigen3: TRUE (found version "3.4.0") 
[0.257s] -- Ensuring Eigen3 include directory is part of orocos-kdl CMake target
[0.265s] -- Eigen found (include: /usr/include/eigen3, version: 3.4.0)
[0.282s] -- FLANN found (include: /usr/include, lib: /usr/lib/x86_64-linux-gnu/libflann_cpp.so)
[0.283s] -- looking for PCL_COMMON
[0.283s] -- looking for PCL_KDTREE
[0.283s] -- looking for PCL_OCTREE
[0.283s] -- looking for PCL_SEARCH
[0.284s] -- looking for PCL_SAMPLE_CONSENSUS
[0.284s] -- looking for PCL_FILTERS
[0.285s] -- Found pcl_conversions: 2.4.5 (/opt/ros/humble/share/pcl_conversions/cmake)
[0.299s] -- Detected Ceres version: 2.0.0 from /home/eugene/source/lidar_odometry_ros_wrapper/lidar_odometry/thirdparty/ceres-solver/include/ceres/version.h
[0.300s] [0m-- Detected available Ceres threading models: [CXX_THREADS, OPENMP, NO_THREADS][0m
[0.300s] [0m-- Building with C++17[0m
[0.301s] -- Found Eigen3: TRUE (found suitable version "3.4.0", minimum required is "3.3") 
[0.301s] [0m-- Found Eigen version 3.4.0: /usr/include/eigen3[0m
[0.301s] [0m-- Enabling use of Eigen as a sparse linear algebra library.[0m
[0.318s] [0m-- Found LAPACK library: /usr/lib/x86_64-linux-gnu/liblapack.so;/usr/lib/x86_64-linux-gnu/libblas.so;/usr/lib/x86_64-linux-gnu/libf77blas.so;/usr/lib/x86_64-linux-gnu/libatlas.so[0m
[0.318s] [0m-- Building without SuiteSparse.[0m
[0.319s] [0m-- Found CXSparse version: 3.2.0, building with CXSparse.[0m
[0.319s] [0m-- Building without Apple's Accelerate sparse support.[0m
[0.319s] [0m-- Found Google Flags (gflags) version 2.2.2: /usr/lib/x86_64-linux-gnu/cmake/gflags[0m
[0.320s] -- No preference for use of exported glog CMake configuration set, and no hints for include/library directories provided. Defaulting to preferring an installed/exported glog CMake configuration if available.
[0.320s] -- Found installed version of glog: /usr/lib/x86_64-linux-gnu/cmake/glog
[0.320s] -- Detected glog version: 0.4.0
[0.321s] [0m-- Found Google Log (glog). Assuming glog was built with gflags support as gflags was found. This will make gflags a public dependency of Ceres.[0m
[0.321s] [0m-- Using Ceres threading model: CXX_THREADS[0m
[0.321s] [0m-- Building Ceres as a static library.[0m
[0.321s] -- Enabling CERES_USE_EIGEN_SPARSE in Ceres config.h
[0.321s] -- Enabling CERES_NO_SUITESPARSE in Ceres config.h
[0.321s] -- Enabling CERES_NO_ACCELERATE_SPARSE in Ceres config.h
[0.321s] -- Enabling CERES_USE_CXX_THREADS in Ceres config.h
[0.324s] [0m-- Do not build any example.[0m
[0.368s] -- Configuring done
[0.389s] -- Generating done
[0.393s] -- Build files have been written to: /home/eugene/source/lidar_odometry_ros_wrapper/build/lidar_odometry_ros
[0.398s] Invoked command in '/home/eugene/source/lidar_odometry_ros_wrapper/build/lidar_odometry_ros' returned '0': CMAKE_PREFIX_PATH=/opt/ros/humble /usr/bin/cmake /home/eugene/source/lidar_odometry_ros_wrapper -DAMENT_CMAKE_SYMLINK_INSTALL=1 -DCMAKE_INSTALL_PREFIX=/home/eugene/source/lidar_odometry_ros_wrapper/install/lidar_odometry_ros
[0.399s] Invoking command in '/home/eugene/source/lidar_odometry_ros_wrapper/build/lidar_odometry_ros': CMAKE_PREFIX_PATH=/opt/ros/humble /usr/bin/cmake --build /home/eugene/source/lidar_odometry_ros_wrapper/build/lidar_odometry_ros -- -j28 -l28
[0.454s] [35m[1mConsolidate compiler generated dependencies of target ceres[0m
[0.530s] [ 93%] Built target ceres
[0.539s] [35m[1mConsolidate compiler generated dependencies of target lidar_odometry_node[0m
[0.563s] [ 93%] [32mBuilding CXX object CMakeFiles/lidar_odometry_node.dir/src/lidar_odometry_ros.cpp.o[0m
[11.742s] [ 94%] [32m[1mLinking CXX executable lidar_odometry_node[0m
[12.105s] [100%] Built target lidar_odometry_node
[12.112s] Invoked command in '/home/eugene/source/lidar_odometry_ros_wrapper/build/lidar_odometry_ros' returned '0': CMAKE_PREFIX_PATH=/opt/ros/humble /usr/bin/cmake --build /home/eugene/source/lidar_odometry_ros_wrapper/build/lidar_odometry_ros -- -j28 -l28
[12.118s] Invoking command in '/home/eugene/source/lidar_odometry_ros_wrapper/build/lidar_odometry_ros': CMAKE_PREFIX_PATH=/opt/ros/humble /usr/bin/cmake --install /home/eugene/source/lidar_odometry_ros_wrapper/build/lidar_odometry_ros
[12.121s] -- Install configuration: "Release"
[12.122s] -- Execute custom install script
[12.122s] -- Up-to-date symlink: /home/eugene/source/lidar_odometry_ros_wrapper/install/lidar_odometry_ros/include/ceres/autodiff_cost_function.h
[12.122s] -- Up-to-date symlink: /home/eugene/source/lidar_odometry_ros_wrapper/install/lidar_odometry_ros/include/ceres/autodiff_first_order_function.h
[12.122s] -- Up-to-date symlink: /home/eugene/source/lidar_odometry_ros_wrapper/install/lidar_odometry_ros/include/ceres/autodiff_local_parameterization.h
[12.122s] -- Up-to-date symlink: /home/eugene/source/lidar_odometry_ros_wrapper/install/lidar_odometry_ros/include/ceres/c_api.h
[12.122s] -- Up-to-date symlink: /home/eugene/source/lidar_odometry_ros_wrapper/install/lidar_odometry_ros/include/ceres/ceres.h
[12.122s] -- Up-to-date symlink: /home/eugene/source/lidar_odometry_ros_wrapper/install/lidar_odometry_ros/include/ceres/conditioned_cost_function.h
[12.122s] -- Up-to-date symlink: /home/eugene/source/lidar_odometry_ros_wrapper/install/lidar_odometry_ros/include/ceres/context.h
[12.122s] -- Up-to-date symlink: /home/eugene/source/lidar_odometry_ros_wrapper/install/lidar_odometry_ros/include/ceres/cost_function.h
[12.122s] -- Up-to-date symlink: /home/eugene/source/lidar_odometry_ros_wrapper/install/lidar_odometry_ros/include/ceres/cost_function_to_functor.h
[12.122s] -- Up-to-date symlink: /home/eugene/source/lidar_odometry_ros_wrapper/install/lidar_odometry_ros/include/ceres/covariance.h
[12.122s] -- Up-to-date symlink: /home/eugene/source/lidar_odometry_ros_wrapper/install/lidar_odometry_ros/include/ceres/crs_matrix.h
[12.122s] -- Up-to-date symlink: /home/eugene/source/lidar_odometry_ros_wrapper/install/lidar_odometry_ros/include/ceres/cubic_interpolation.h
[12.122s] -- Up-to-date symlink: /home/eugene/source/lidar_odometry_ros_wrapper/install/lidar_odometry_ros/include/ceres/dynamic_autodiff_cost_function.h
[12.122s] -- Up-to-date symlink: /home/eugene/source/lidar_odometry_ros_wrapper/install/lidar_odometry_ros/include/ceres/dynamic_cost_function.h
[12.122s] -- Up-to-date symlink: /home/eugene/source/lidar_odometry_ros_wrapper/install/lidar_odometry_ros/include/ceres/dynamic_cost_function_to_functor.h
[12.122s] -- Up-to-date symlink: /home/eugene/source/lidar_odometry_ros_wrapper/install/lidar_odometry_ros/include/ceres/dynamic_numeric_diff_cost_function.h
[12.122s] -- Up-to-date symlink: /home/eugene/source/lidar_odometry_ros_wrapper/install/lidar_odometry_ros/include/ceres/evaluation_callback.h
[12.122s] -- Up-to-date symlink: /home/eugene/source/lidar_odometry_ros_wrapper/install/lidar_odometry_ros/include/ceres/first_order_function.h
[12.122s] -- Up-to-date symlink: /home/eugene/source/lidar_odometry_ros_wrapper/install/lidar_odometry_ros/include/ceres/gradient_checker.h
[12.122s] -- Up-to-date symlink: /home/eugene/source/lidar_odometry_ros_wrapper/install/lidar_odometry_ros/include/ceres/gradient_problem.h
[12.122s] -- Up-to-date symlink: /home/eugene/source/lidar_odometry_ros_wrapper/install/lidar_odometry_ros/include/ceres/gradient_problem_solver.h
[12.123s] -- Up-to-date symlink: /home/eugene/source/lidar_odometry_ros_wrapper/install/lidar_odometry_ros/include/ceres/iteration_callback.h
[12.123s] -- Up-to-date symlink: /home/eugene/source/lidar_odometry_ros_wrapper/install/lidar_odometry_ros/include/ceres/jet.h
[12.123s] -- Up-to-date symlink: /home/eugene/source/lidar_odometry_ros_wrapper/install/lidar_odometry_ros/include/ceres/local_parameterization.h
[12.123s] -- Up-to-date symlink: /home/eugene/source/lidar_odometry_ros_wrapper/install/lidar_odometry_ros/include/ceres/loss_function.h
[12.123s] -- Up-to-date symlink: /home/eugene/source/lidar_odometry_ros_wrapper/install/lidar_odometry_ros/include/ceres/normal_prior.h
[12.123s] -- Up-to-date symlink: /home/eugene/source/lidar_odometry_ros_wrapper/install/lidar_odometry_ros/include/ceres/numeric_diff_cost_function.h
[12.123s] -- Up-to-date symlink: /home/eugene/source/lidar_odometry_ros_wrapper/install/lidar_odometry_ros/include/ceres/numeric_diff_options.h
[12.123s] -- Up-to-date symlink: /home/eugene/source/lidar_odometry_ros_wrapper/install/lidar_odometry_ros/include/ceres/ordered_groups.h
[12.123s] -- Up-to-date symlink: /home/eugene/source/lidar_odometry_ros_wrapper/install/lidar_odometry_ros/include/ceres/problem.h
[12.123s] -- Up-to-date symlink: /home/eugene/source/lidar_odometry_ros_wrapper/install/lidar_odometry_ros/include/ceres/rotation.h
[12.123s] -- Up-to-date symlink: /home/eugene/source/lidar_odometry_ros_wrapper/install/lidar_odometry_ros/include/ceres/sized_cost_function.h
[12.123s] -- Up-to-date symlink: /home/eugene/source/lidar_odometry_ros_wrapper/install/lidar_odometry_ros/include/ceres/solver.h
[12.123s] -- Up-to-date symlink: /home/eugene/source/lidar_odometry_ros_wrapper/install/lidar_odometry_ros/include/ceres/tiny_solver.h
[12.123s] -- Up-to-date symlink: /home/eugene/source/lidar_odometry_ros_wrapper/install/lidar_odometry_ros/include/ceres/tiny_solver_autodiff_function.h
[12.123s] -- Up-to-date symlink: /home/eugene/source/lidar_odometry_ros_wrapper/install/lidar_odometry_ros/include/ceres/tiny_solver_cost_function_adapter.h
[12.123s] -- Up-to-date symlink: /home/eugene/source/lidar_odometry_ros_wrapper/install/lidar_odometry_ros/include/ceres/types.h
[12.123s] -- Up-to-date symlink: /home/eugene/source/lidar_odometry_ros_wrapper/install/lidar_odometry_ros/include/ceres/version.h
[12.123s] -- Up-to-date symlink: /home/eugene/source/lidar_odometry_ros_wrapper/install/lidar_odometry_ros/include/ceres/internal/array_selector.h
[12.123s] -- Up-to-date symlink: /home/eugene/source/lidar_odometry_ros_wrapper/install/lidar_odometry_ros/include/ceres/internal/autodiff.h
[12.123s] -- Up-to-date symlink: /home/eugene/source/lidar_odometry_ros_wrapper/install/lidar_odometry_ros/include/ceres/internal/disable_warnings.h
[12.123s] -- Up-to-date symlink: /home/eugene/source/lidar_odometry_ros_wrapper/install/lidar_odometry_ros/include/ceres/internal/eigen.h
[12.123s] -- Up-to-date symlink: /home/eugene/source/lidar_odometry_ros_wrapper/install/lidar_odometry_ros/include/ceres/internal/fixed_array.h
[12.123s] -- Up-to-date symlink: /home/eugene/source/lidar_odometry_ros_wrapper/install/lidar_odometry_ros/include/ceres/internal/householder_vector.h
[12.123s] -- Up-to-date symlink: /home/eugene/source/lidar_odometry_ros_wrapper/install/lidar_odometry_ros/include/ceres/internal/integer_sequence_algorithm.h
[12.123s] -- Up-to-date symlink: /home/eugene/source/lidar_odometry_ros_wrapper/install/lidar_odometry_ros/include/ceres/internal/line_parameterization.h
[12.123s] -- Up-to-date symlink: /home/eugene/source/lidar_odometry_ros_wrapper/install/lidar_odometry_ros/include/ceres/internal/memory.h
[12.123s] -- Up-to-date symlink: /home/eugene/source/lidar_odometry_ros_wrapper/install/lidar_odometry_ros/include/ceres/internal/numeric_diff.h
[12.123s] -- Up-to-date symlink: /home/eugene/source/lidar_odometry_ros_wrapper/install/lidar_odometry_ros/include/ceres/internal/parameter_dims.h
[12.123s] -- Up-to-date symlink: /home/eugene/source/lidar_odometry_ros_wrapper/install/lidar_odometry_ros/include/ceres/internal/port.h
[12.124s] -- Up-to-date symlink: /home/eugene/source/lidar_odometry_ros_wrapper/install/lidar_odometry_ros/include/ceres/internal/reenable_warnings.h
[12.124s] -- Up-to-date symlink: /home/eugene/source/lidar_odometry_ros_wrapper/install/lidar_odometry_ros/include/ceres/internal/variadic_evaluate.h
[12.124s] -- Up-to-date symlink: /home/eugene/source/lidar_odometry_ros_wrapper/install/lidar_odometry_ros/include/ceres/internal/config.h
[12.124s] -- Up-to-date symlink: /home/eugene/source/lidar_odometry_ros_wrapper/install/lidar_odometry_ros/lib/cmake/Ceres/CeresConfig.cmake
[12.124s] -- Up-to-date symlink: /home/eugene/source/lidar_odometry_ros_wrapper/install/lidar_odometry_ros/lib/cmake/Ceres/CeresConfigVersion.cmake
[12.124s] -- Up-to-date symlink: /home/eugene/source/lidar_odometry_ros_wrapper/install/lidar_odometry_ros/lib/lidar_odometry_ros/lidar_odometry_node
[12.124s] -- Up-to-date symlink: /home/eugene/source/lidar_odometry_ros_wrapper/install/lidar_odometry_ros/share/lidar_odometry_ros/launch/lidar_odometry.launch.py
[12.124s] -- Up-to-date symlink: /home/eugene/source/lidar_odometry_ros_wrapper/install/lidar_odometry_ros/share/lidar_odometry_ros/config/kitti.yaml
[12.124s] -- Up-to-date symlink: /home/eugene/source/lidar_odometry_ros_wrapper/install/lidar_odometry_ros/share/lidar_odometry_ros/rviz/lidar_odometry.rviz
[12.124s] -- Up-to-date symlink: /home/eugene/source/lidar_odometry_ros_wrapper/install/lidar_odometry_ros/share/ament_index/resource_index/package_run_dependencies/lidar_odometry_ros
[12.124s] -- Up-to-date symlink: /home/eugene/source/lidar_odometry_ros_wrapper/install/lidar_odometry_ros/share/ament_index/resource_index/parent_prefix_path/lidar_odometry_ros
[12.124s] -- Up-to-date symlink: /home/eugene/source/lidar_odometry_ros_wrapper/install/lidar_odometry_ros/share/lidar_odometry_ros/environment/ament_prefix_path.sh
[12.124s] -- Up-to-date symlink: /home/eugene/source/lidar_odometry_ros_wrapper/install/lidar_odometry_ros/share/lidar_odometry_ros/environment/ament_prefix_path.dsv
[12.124s] -- Up-to-date symlink: /home/eugene/source/lidar_odometry_ros_wrapper/install/lidar_odometry_ros/share/lidar_odometry_ros/environment/path.sh
[12.124s] -- Up-to-date symlink: /home/eugene/source/lidar_odometry_ros_wrapper/install/lidar_odometry_ros/share/lidar_odometry_ros/environment/path.dsv
[12.125s] -- Up-to-date symlink: /home/eugene/source/lidar_odometry_ros_wrapper/install/lidar_odometry_ros/share/lidar_odometry_ros/local_setup.bash
[12.125s] -- Up-to-date symlink: /home/eugene/source/lidar_odometry_ros_wrapper/install/lidar_odometry_ros/share/lidar_odometry_ros/local_setup.sh
[12.125s] -- Up-to-date symlink: /home/eugene/source/lidar_odometry_ros_wrapper/install/lidar_odometry_ros/share/lidar_odometry_ros/local_setup.zsh
[12.125s] -- Up-to-date symlink: /home/eugene/source/lidar_odometry_ros_wrapper/install/lidar_odometry_ros/share/lidar_odometry_ros/local_setup.dsv
[12.125s] -- Symlinking: /home/eugene/source/lidar_odometry_ros_wrapper/install/lidar_odometry_ros/share/lidar_odometry_ros/package.dsv
[12.130s] -- Up-to-date symlink: /home/eugene/source/lidar_odometry_ros_wrapper/install/lidar_odometry_ros/share/ament_index/resource_index/packages/lidar_odometry_ros
[12.130s] -- Up-to-date symlink: /home/eugene/source/lidar_odometry_ros_wrapper/install/lidar_odometry_ros/share/lidar_odometry_ros/cmake/lidar_odometry_rosConfig.cmake
[12.130s] -- Up-to-date symlink: /home/eugene/source/lidar_odometry_ros_wrapper/install/lidar_odometry_ros/share/lidar_odometry_ros/cmake/lidar_odometry_rosConfig-version.cmake
[12.130s] -- Up-to-date symlink: /home/eugene/source/lidar_odometry_ros_wrapper/install/lidar_odometry_ros/share/lidar_odometry_ros/package.xml
[12.131s] Invoked command in '/home/eugene/source/lidar_odometry_ros_wrapper/build/lidar_odometry_ros' returned '0': CMAKE_PREFIX_PATH=/opt/ros/humble /usr/bin/cmake --install /home/eugene/source/lidar_odometry_ros_wrapper/build/lidar_odometry_ros
