[0.005s] Invoking command in '/home/eugene/source/lidar_odometry_ros_wrapper/build/lidar_odometry_ros': CMAKE_PREFIX_PATH=/opt/ros/humble /usr/bin/cmake --build /home/eugene/source/lidar_odometry_ros_wrapper/build/lidar_odometry_ros -- -j28 -l28
[0.081s] [ 93%] Built target ceres
[0.093s] [35m[1mConsolidate compiler generated dependencies of target lidar_odometry_node[0m
[0.117s] [ 93%] [32mBuilding CXX object CMakeFiles/lidar_odometry_node.dir/src/lidar_odometry_ros.cpp.o[0m
[10.620s] [ 94%] [32m[1mLinking CXX executable lidar_odometry_node[0m
[10.987s] [100%] Built target lidar_odometry_node
[10.995s] Invoked command in '/home/eugene/source/lidar_odometry_ros_wrapper/build/lidar_odometry_ros' returned '0': CMAKE_PREFIX_PATH=/opt/ros/humble /usr/bin/cmake --build /home/eugene/source/lidar_odometry_ros_wrapper/build/lidar_odometry_ros -- -j28 -l28
[11.001s] Invoking command in '/home/eugene/source/lidar_odometry_ros_wrapper/build/lidar_odometry_ros': CMAKE_PREFIX_PATH=/opt/ros/humble /usr/bin/cmake --install /home/eugene/source/lidar_odometry_ros_wrapper/build/lidar_odometry_ros
[11.005s] -- Install configuration: "Release"
[11.005s] -- Installing: /home/eugene/source/lidar_odometry_ros_wrapper/install/lidar_odometry_ros/lib/lidar_odometry_ros/lidar_odometry_node
[11.008s] -- Set runtime path of "/home/eugene/source/lidar_odometry_ros_wrapper/install/lidar_odometry_ros/lib/lidar_odometry_ros/lidar_odometry_node" to ""
[11.008s] -- Up-to-date: /home/eugene/source/lidar_odometry_ros_wrapper/install/lidar_odometry_ros/share/lidar_odometry_ros/launch
[11.008s] -- Up-to-date: /home/eugene/source/lidar_odometry_ros_wrapper/install/lidar_odometry_ros/share/lidar_odometry_ros/launch/lidar_odometry.launch.py
[11.008s] -- Up-to-date: /home/eugene/source/lidar_odometry_ros_wrapper/install/lidar_odometry_ros/share/lidar_odometry_ros/config
[11.008s] -- Up-to-date: /home/eugene/source/lidar_odometry_ros_wrapper/install/lidar_odometry_ros/share/lidar_odometry_ros/config/lidar_odometry_ros.yaml
[11.008s] -- Up-to-date: /home/eugene/source/lidar_odometry_ros_wrapper/install/lidar_odometry_ros/share/lidar_odometry_ros/rviz
[11.008s] -- Up-to-date: /home/eugene/source/lidar_odometry_ros_wrapper/install/lidar_odometry_ros/share/lidar_odometry_ros/rviz/lidar_odometry.rviz
[11.008s] -- Up-to-date: /home/eugene/source/lidar_odometry_ros_wrapper/install/lidar_odometry_ros/share/ament_index/resource_index/package_run_dependencies/lidar_odometry_ros
[11.009s] -- Up-to-date: /home/eugene/source/lidar_odometry_ros_wrapper/install/lidar_odometry_ros/share/ament_index/resource_index/parent_prefix_path/lidar_odometry_ros
[11.009s] -- Up-to-date: /home/eugene/source/lidar_odometry_ros_wrapper/install/lidar_odometry_ros/share/lidar_odometry_ros/environment/ament_prefix_path.sh
[11.009s] -- Up-to-date: /home/eugene/source/lidar_odometry_ros_wrapper/install/lidar_odometry_ros/share/lidar_odometry_ros/environment/ament_prefix_path.dsv
[11.009s] -- Up-to-date: /home/eugene/source/lidar_odometry_ros_wrapper/install/lidar_odometry_ros/share/lidar_odometry_ros/environment/path.sh
[11.009s] -- Up-to-date: /home/eugene/source/lidar_odometry_ros_wrapper/install/lidar_odometry_ros/share/lidar_odometry_ros/environment/path.dsv
[11.009s] -- Up-to-date: /home/eugene/source/lidar_odometry_ros_wrapper/install/lidar_odometry_ros/share/lidar_odometry_ros/local_setup.bash
[11.009s] -- Up-to-date: /home/eugene/source/lidar_odometry_ros_wrapper/install/lidar_odometry_ros/share/lidar_odometry_ros/local_setup.sh
[11.009s] -- Up-to-date: /home/eugene/source/lidar_odometry_ros_wrapper/install/lidar_odometry_ros/share/lidar_odometry_ros/local_setup.zsh
[11.009s] -- Up-to-date: /home/eugene/source/lidar_odometry_ros_wrapper/install/lidar_odometry_ros/share/lidar_odometry_ros/local_setup.dsv
[11.009s] -- Installing: /home/eugene/source/lidar_odometry_ros_wrapper/install/lidar_odometry_ros/share/lidar_odometry_ros/package.dsv
[11.009s] -- Up-to-date: /home/eugene/source/lidar_odometry_ros_wrapper/install/lidar_odometry_ros/share/ament_index/resource_index/packages/lidar_odometry_ros
[11.010s] -- Up-to-date: /home/eugene/source/lidar_odometry_ros_wrapper/install/lidar_odometry_ros/share/lidar_odometry_ros/cmake/lidar_odometry_rosConfig.cmake
[11.010s] -- Up-to-date: /home/eugene/source/lidar_odometry_ros_wrapper/install/lidar_odometry_ros/share/lidar_odometry_ros/cmake/lidar_odometry_rosConfig-version.cmake
[11.010s] -- Up-to-date: /home/eugene/source/lidar_odometry_ros_wrapper/install/lidar_odometry_ros/share/lidar_odometry_ros/package.xml
[11.010s] Invoked command in '/home/eugene/source/lidar_odometry_ros_wrapper/build/lidar_odometry_ros' returned '0': CMAKE_PREFIX_PATH=/opt/ros/humble /usr/bin/cmake --install /home/eugene/source/lidar_odometry_ros_wrapper/build/lidar_odometry_ros
