-- Found ament_cmake: 1.3.12 (/opt/ros/humble/share/ament_cmake/cmake)
-- Override CMake install command with custom implementation using symlinks instead of copying resources
-- Found rclcpp: 16.0.14 (/opt/ros/humble/share/rclcpp/cmake)
-- Found rosidl_generator_c: 3.1.7 (/opt/ros/humble/share/rosidl_generator_c/cmake)
-- Found rosidl_adapter: 3.1.7 (/opt/ros/humble/share/rosidl_adapter/cmake)
-- Found rosidl_generator_cpp: 3.1.7 (/opt/ros/humble/share/rosidl_generator_cpp/cmake)
-- Using all available rosidl_typesupport_c: rosidl_typesupport_fastrtps_c;rosidl_typesupport_introspection_c
-- Using all available rosidl_typesupport_cpp: rosidl_typesupport_fastrtps_cpp;rosidl_typesupport_introspection_cpp
-- Found rmw_implementation_cmake: 6.1.2 (/opt/ros/humble/share/rmw_implementation_cmake/cmake)
-- Found rmw_fastrtps_cpp: 6.2.8 (/opt/ros/humble/share/rmw_fastrtps_cpp/cmake)
-- Using RMW implementation 'rmw_fastrtps_cpp' as default
-- Found sensor_msgs: 4.9.0 (/opt/ros/humble/share/sensor_msgs/cmake)
-- Found nav_msgs: 4.9.0 (/opt/ros/humble/share/nav_msgs/cmake)
-- Found visualization_msgs: 4.9.0 (/opt/ros/humble/share/visualization_msgs/cmake)
-- Found tf2: 0.25.15 (/opt/ros/humble/share/tf2/cmake)
-- Found tf2_ros: 0.25.15 (/opt/ros/humble/share/tf2_ros/cmake)
-- Found tf2_geometry_msgs: 0.25.15 (/opt/ros/humble/share/tf2_geometry_msgs/cmake)
-- Found eigen3_cmake_module: 0.1.1 (/opt/ros/humble/share/eigen3_cmake_module/cmake)
-- Found Eigen3: TRUE (found version "3.4.0") 
-- Ensuring Eigen3 include directory is part of orocos-kdl CMake target
-- Eigen found (include: /usr/include/eigen3, version: 3.4.0)
-- FLANN found (include: /usr/include, lib: /usr/lib/x86_64-linux-gnu/libflann_cpp.so)
-- looking for PCL_COMMON
-- looking for PCL_KDTREE
-- looking for PCL_OCTREE
-- looking for PCL_SEARCH
-- looking for PCL_SAMPLE_CONSENSUS
-- looking for PCL_FILTERS
-- Found pcl_conversions: 2.4.5 (/opt/ros/humble/share/pcl_conversions/cmake)
-- Detected Ceres version: 2.0.0 from /home/eugene/source/lidar_odometry_ros_wrapper/lidar_odometry/thirdparty/ceres-solver/include/ceres/version.h
-- Found Eigen3: TRUE (found suitable version "3.4.0", minimum required is "3.3") 
-- No preference for use of exported glog CMake configuration set, and no hints for include/library directories provided. Defaulting to preferring an installed/exported glog CMake configuration if available.
-- Found installed version of glog: /usr/lib/x86_64-linux-gnu/cmake/glog
-- Detected glog version: 0.4.0
-- Enabling CERES_USE_EIGEN_SPARSE in Ceres config.h
-- Enabling CERES_NO_SUITESPARSE in Ceres config.h
-- Enabling CERES_NO_ACCELERATE_SPARSE in Ceres config.h
-- Enabling CERES_USE_CXX_THREADS in Ceres config.h
-- Configuring done
-- Generating done
-- Build files have been written to: /home/eugene/source/lidar_odometry_ros_wrapper/build/lidar_odometry_ros
[35m[1mConsolidate compiler generated dependencies of target ceres[0m
[ 93%] Built target ceres
[35m[1mConsolidate compiler generated dependencies of target lidar_odometry_node[0m
[ 93%] [32mBuilding CXX object CMakeFiles/lidar_odometry_node.dir/src/lidar_odometry_ros.cpp.o[0m
[ 94%] [32m[1mLinking CXX executable lidar_odometry_node[0m
[100%] Built target lidar_odometry_node
-- Install configuration: "Release"
-- Execute custom install script
-- Symlinking: /home/eugene/source/lidar_odometry_ros_wrapper/install/lidar_odometry_ros/include/ceres/autodiff_cost_function.h
-- Symlinking: /home/eugene/source/lidar_odometry_ros_wrapper/install/lidar_odometry_ros/include/ceres/autodiff_first_order_function.h
-- Symlinking: /home/eugene/source/lidar_odometry_ros_wrapper/install/lidar_odometry_ros/include/ceres/autodiff_local_parameterization.h
-- Symlinking: /home/eugene/source/lidar_odometry_ros_wrapper/install/lidar_odometry_ros/include/ceres/c_api.h
-- Symlinking: /home/eugene/source/lidar_odometry_ros_wrapper/install/lidar_odometry_ros/include/ceres/ceres.h
-- Symlinking: /home/eugene/source/lidar_odometry_ros_wrapper/install/lidar_odometry_ros/include/ceres/conditioned_cost_function.h
-- Symlinking: /home/eugene/source/lidar_odometry_ros_wrapper/install/lidar_odometry_ros/include/ceres/context.h
-- Symlinking: /home/eugene/source/lidar_odometry_ros_wrapper/install/lidar_odometry_ros/include/ceres/cost_function.h
-- Symlinking: /home/eugene/source/lidar_odometry_ros_wrapper/install/lidar_odometry_ros/include/ceres/cost_function_to_functor.h
-- Symlinking: /home/eugene/source/lidar_odometry_ros_wrapper/install/lidar_odometry_ros/include/ceres/covariance.h
-- Symlinking: /home/eugene/source/lidar_odometry_ros_wrapper/install/lidar_odometry_ros/include/ceres/crs_matrix.h
-- Symlinking: /home/eugene/source/lidar_odometry_ros_wrapper/install/lidar_odometry_ros/include/ceres/cubic_interpolation.h
-- Symlinking: /home/eugene/source/lidar_odometry_ros_wrapper/install/lidar_odometry_ros/include/ceres/dynamic_autodiff_cost_function.h
-- Symlinking: /home/eugene/source/lidar_odometry_ros_wrapper/install/lidar_odometry_ros/include/ceres/dynamic_cost_function.h
-- Symlinking: /home/eugene/source/lidar_odometry_ros_wrapper/install/lidar_odometry_ros/include/ceres/dynamic_cost_function_to_functor.h
-- Symlinking: /home/eugene/source/lidar_odometry_ros_wrapper/install/lidar_odometry_ros/include/ceres/dynamic_numeric_diff_cost_function.h
-- Symlinking: /home/eugene/source/lidar_odometry_ros_wrapper/install/lidar_odometry_ros/include/ceres/evaluation_callback.h
-- Symlinking: /home/eugene/source/lidar_odometry_ros_wrapper/install/lidar_odometry_ros/include/ceres/first_order_function.h
-- Symlinking: /home/eugene/source/lidar_odometry_ros_wrapper/install/lidar_odometry_ros/include/ceres/gradient_checker.h
-- Symlinking: /home/eugene/source/lidar_odometry_ros_wrapper/install/lidar_odometry_ros/include/ceres/gradient_problem.h
-- Symlinking: /home/eugene/source/lidar_odometry_ros_wrapper/install/lidar_odometry_ros/include/ceres/gradient_problem_solver.h
-- Symlinking: /home/eugene/source/lidar_odometry_ros_wrapper/install/lidar_odometry_ros/include/ceres/iteration_callback.h
-- Symlinking: /home/eugene/source/lidar_odometry_ros_wrapper/install/lidar_odometry_ros/include/ceres/jet.h
-- Symlinking: /home/eugene/source/lidar_odometry_ros_wrapper/install/lidar_odometry_ros/include/ceres/local_parameterization.h
-- Symlinking: /home/eugene/source/lidar_odometry_ros_wrapper/install/lidar_odometry_ros/include/ceres/loss_function.h
-- Symlinking: /home/eugene/source/lidar_odometry_ros_wrapper/install/lidar_odometry_ros/include/ceres/normal_prior.h
-- Symlinking: /home/eugene/source/lidar_odometry_ros_wrapper/install/lidar_odometry_ros/include/ceres/numeric_diff_cost_function.h
-- Symlinking: /home/eugene/source/lidar_odometry_ros_wrapper/install/lidar_odometry_ros/include/ceres/numeric_diff_options.h
-- Symlinking: /home/eugene/source/lidar_odometry_ros_wrapper/install/lidar_odometry_ros/include/ceres/ordered_groups.h
-- Symlinking: /home/eugene/source/lidar_odometry_ros_wrapper/install/lidar_odometry_ros/include/ceres/problem.h
-- Symlinking: /home/eugene/source/lidar_odometry_ros_wrapper/install/lidar_odometry_ros/include/ceres/rotation.h
-- Symlinking: /home/eugene/source/lidar_odometry_ros_wrapper/install/lidar_odometry_ros/include/ceres/sized_cost_function.h
-- Symlinking: /home/eugene/source/lidar_odometry_ros_wrapper/install/lidar_odometry_ros/include/ceres/solver.h
-- Symlinking: /home/eugene/source/lidar_odometry_ros_wrapper/install/lidar_odometry_ros/include/ceres/tiny_solver.h
-- Symlinking: /home/eugene/source/lidar_odometry_ros_wrapper/install/lidar_odometry_ros/include/ceres/tiny_solver_autodiff_function.h
-- Symlinking: /home/eugene/source/lidar_odometry_ros_wrapper/install/lidar_odometry_ros/include/ceres/tiny_solver_cost_function_adapter.h
-- Symlinking: /home/eugene/source/lidar_odometry_ros_wrapper/install/lidar_odometry_ros/include/ceres/types.h
-- Symlinking: /home/eugene/source/lidar_odometry_ros_wrapper/install/lidar_odometry_ros/include/ceres/version.h
-- Symlinking: /home/eugene/source/lidar_odometry_ros_wrapper/install/lidar_odometry_ros/include/ceres/internal/array_selector.h
-- Symlinking: /home/eugene/source/lidar_odometry_ros_wrapper/install/lidar_odometry_ros/include/ceres/internal/autodiff.h
-- Symlinking: /home/eugene/source/lidar_odometry_ros_wrapper/install/lidar_odometry_ros/include/ceres/internal/disable_warnings.h
-- Symlinking: /home/eugene/source/lidar_odometry_ros_wrapper/install/lidar_odometry_ros/include/ceres/internal/eigen.h
-- Symlinking: /home/eugene/source/lidar_odometry_ros_wrapper/install/lidar_odometry_ros/include/ceres/internal/fixed_array.h
-- Symlinking: /home/eugene/source/lidar_odometry_ros_wrapper/install/lidar_odometry_ros/include/ceres/internal/householder_vector.h
-- Symlinking: /home/eugene/source/lidar_odometry_ros_wrapper/install/lidar_odometry_ros/include/ceres/internal/integer_sequence_algorithm.h
-- Symlinking: /home/eugene/source/lidar_odometry_ros_wrapper/install/lidar_odometry_ros/include/ceres/internal/line_parameterization.h
-- Symlinking: /home/eugene/source/lidar_odometry_ros_wrapper/install/lidar_odometry_ros/include/ceres/internal/memory.h
-- Symlinking: /home/eugene/source/lidar_odometry_ros_wrapper/install/lidar_odometry_ros/include/ceres/internal/numeric_diff.h
-- Symlinking: /home/eugene/source/lidar_odometry_ros_wrapper/install/lidar_odometry_ros/include/ceres/internal/parameter_dims.h
-- Symlinking: /home/eugene/source/lidar_odometry_ros_wrapper/install/lidar_odometry_ros/include/ceres/internal/port.h
-- Symlinking: /home/eugene/source/lidar_odometry_ros_wrapper/install/lidar_odometry_ros/include/ceres/internal/reenable_warnings.h
-- Symlinking: /home/eugene/source/lidar_odometry_ros_wrapper/install/lidar_odometry_ros/include/ceres/internal/variadic_evaluate.h
-- Symlinking: /home/eugene/source/lidar_odometry_ros_wrapper/install/lidar_odometry_ros/include/ceres/internal/config.h
-- Symlinking: /home/eugene/source/lidar_odometry_ros_wrapper/install/lidar_odometry_ros/lib/cmake/Ceres/CeresConfig.cmake
-- Symlinking: /home/eugene/source/lidar_odometry_ros_wrapper/install/lidar_odometry_ros/lib/cmake/Ceres/CeresConfigVersion.cmake
-- Symlinking: /home/eugene/source/lidar_odometry_ros_wrapper/install/lidar_odometry_ros/lib/lidar_odometry_ros/lidar_odometry_node
-- Symlinking: /home/eugene/source/lidar_odometry_ros_wrapper/install/lidar_odometry_ros/share/lidar_odometry_ros/launch/lidar_odometry.launch.py
-- Symlinking: /home/eugene/source/lidar_odometry_ros_wrapper/install/lidar_odometry_ros/share/lidar_odometry_ros/config/kitti.yaml
-- Symlinking: /home/eugene/source/lidar_odometry_ros_wrapper/install/lidar_odometry_ros/share/lidar_odometry_ros/rviz/lidar_odometry.rviz
-- Symlinking: /home/eugene/source/lidar_odometry_ros_wrapper/install/lidar_odometry_ros/share/ament_index/resource_index/package_run_dependencies/lidar_odometry_ros
-- Symlinking: /home/eugene/source/lidar_odometry_ros_wrapper/install/lidar_odometry_ros/share/ament_index/resource_index/parent_prefix_path/lidar_odometry_ros
-- Symlinking: /home/eugene/source/lidar_odometry_ros_wrapper/install/lidar_odometry_ros/share/lidar_odometry_ros/environment/ament_prefix_path.sh
-- Symlinking: /home/eugene/source/lidar_odometry_ros_wrapper/install/lidar_odometry_ros/share/lidar_odometry_ros/environment/ament_prefix_path.dsv
-- Symlinking: /home/eugene/source/lidar_odometry_ros_wrapper/install/lidar_odometry_ros/share/lidar_odometry_ros/environment/path.sh
-- Symlinking: /home/eugene/source/lidar_odometry_ros_wrapper/install/lidar_odometry_ros/share/lidar_odometry_ros/environment/path.dsv
-- Symlinking: /home/eugene/source/lidar_odometry_ros_wrapper/install/lidar_odometry_ros/share/lidar_odometry_ros/local_setup.bash
-- Symlinking: /home/eugene/source/lidar_odometry_ros_wrapper/install/lidar_odometry_ros/share/lidar_odometry_ros/local_setup.sh
-- Symlinking: /home/eugene/source/lidar_odometry_ros_wrapper/install/lidar_odometry_ros/share/lidar_odometry_ros/local_setup.zsh
-- Symlinking: /home/eugene/source/lidar_odometry_ros_wrapper/install/lidar_odometry_ros/share/lidar_odometry_ros/local_setup.dsv
-- Symlinking: /home/eugene/source/lidar_odometry_ros_wrapper/install/lidar_odometry_ros/share/lidar_odometry_ros/package.dsv
-- Symlinking: /home/eugene/source/lidar_odometry_ros_wrapper/install/lidar_odometry_ros/share/ament_index/resource_index/packages/lidar_odometry_ros
-- Symlinking: /home/eugene/source/lidar_odometry_ros_wrapper/install/lidar_odometry_ros/share/lidar_odometry_ros/cmake/lidar_odometry_rosConfig.cmake
-- Symlinking: /home/eugene/source/lidar_odometry_ros_wrapper/install/lidar_odometry_ros/share/lidar_odometry_ros/cmake/lidar_odometry_rosConfig-version.cmake
-- Symlinking: /home/eugene/source/lidar_odometry_ros_wrapper/install/lidar_odometry_ros/share/lidar_odometry_ros/package.xml
