[0.005s] Invoking command in '/home/eugene/source/lidar_odometry_ros_wrapper/build/lidar_odometry_ros': CMAKE_PREFIX_PATH=/opt/ros/humble /usr/bin/cmake /home/eugene/source/lidar_odometry_ros_wrapper -DAMENT_CMAKE_SYMLINK_INSTALL=1 -DCMAKE_INSTALL_PREFIX=/home/eugene/source/lidar_odometry_ros_wrapper/install/lidar_odometry_ros
[0.014s] -- Found ament_cmake: 1.3.12 (/opt/ros/humble/share/ament_cmake/cmake)
[0.074s] -- Override CMake install command with custom implementation using symlinks instead of copying resources
[0.080s] -- Found rclcpp: 16.0.14 (/opt/ros/humble/share/rclcpp/cmake)
[0.092s] -- Found rosidl_generator_c: 3.1.7 (/opt/ros/humble/share/rosidl_generator_c/cmake)
[0.094s] -- Found rosidl_adapter: 3.1.7 (/opt/ros/humble/share/rosidl_adapter/cmake)
[0.096s] -- Found rosidl_generator_cpp: 3.1.7 (/opt/ros/humble/share/rosidl_generator_cpp/cmake)
[0.100s] -- Using all available rosidl_typesupport_c: rosidl_typesupport_fastrtps_c;rosidl_typesupport_introspection_c
[0.106s] -- Using all available rosidl_typesupport_cpp: rosidl_typesupport_fastrtps_cpp;rosidl_typesupport_introspection_cpp
[0.122s] -- Found rmw_implementation_cmake: 6.1.2 (/opt/ros/humble/share/rmw_implementation_cmake/cmake)
[0.123s] -- Found rmw_fastrtps_cpp: 6.2.8 (/opt/ros/humble/share/rmw_fastrtps_cpp/cmake)
[0.174s] -- Using RMW implementation 'rmw_fastrtps_cpp' as default
[0.197s] -- Found sensor_msgs: 4.9.0 (/opt/ros/humble/share/sensor_msgs/cmake)
[0.210s] -- Found nav_msgs: 4.9.0 (/opt/ros/humble/share/nav_msgs/cmake)
[0.217s] -- Found visualization_msgs: 4.9.0 (/opt/ros/humble/share/visualization_msgs/cmake)
[0.226s] -- Found tf2: 0.25.15 (/opt/ros/humble/share/tf2/cmake)
[0.228s] -- Found tf2_ros: 0.25.15 (/opt/ros/humble/share/tf2_ros/cmake)
[0.263s] -- Found tf2_geometry_msgs: 0.25.15 (/opt/ros/humble/share/tf2_geometry_msgs/cmake)
[0.265s] -- Found eigen3_cmake_module: 0.1.1 (/opt/ros/humble/share/eigen3_cmake_module/cmake)
[0.265s] -- Found Eigen3: TRUE (found version "3.4.0") 
[0.265s] -- Ensuring Eigen3 include directory is part of orocos-kdl CMake target
[0.272s] -- Eigen found (include: /usr/include/eigen3, version: 3.4.0)
[0.290s] -- FLANN found (include: /usr/include, lib: /usr/lib/x86_64-linux-gnu/libflann_cpp.so)
[0.291s] -- looking for PCL_COMMON
[0.291s] -- looking for PCL_KDTREE
[0.291s] -- looking for PCL_OCTREE
[0.292s] -- looking for PCL_SEARCH
[0.292s] -- looking for PCL_SAMPLE_CONSENSUS
[0.292s] -- looking for PCL_FILTERS
[0.293s] -- Found pcl_conversions: 2.4.5 (/opt/ros/humble/share/pcl_conversions/cmake)
[0.308s] -- Detected Ceres version: 2.0.0 from /home/eugene/source/lidar_odometry_ros_wrapper/lidar_odometry/thirdparty/ceres-solver/include/ceres/version.h
[0.310s] [0m-- Detected available Ceres threading models: [CXX_THREADS, OPENMP, NO_THREADS][0m
[0.310s] [0m-- Building with C++17[0m
[0.311s] -- Found Eigen3: TRUE (found suitable version "3.4.0", minimum required is "3.3") 
[0.311s] [0m-- Found Eigen version 3.4.0: /usr/include/eigen3[0m
[0.311s] [0m-- Enabling use of Eigen as a sparse linear algebra library.[0m
[0.330s] [0m-- Found LAPACK library: /usr/lib/x86_64-linux-gnu/liblapack.so;/usr/lib/x86_64-linux-gnu/libblas.so;/usr/lib/x86_64-linux-gnu/libf77blas.so;/usr/lib/x86_64-linux-gnu/libatlas.so[0m
[0.330s] [0m-- Building without SuiteSparse.[0m
[0.330s] [0m-- Found CXSparse version: 3.2.0, building with CXSparse.[0m
[0.330s] [0m-- Building without Apple's Accelerate sparse support.[0m
[0.331s] [0m-- Found Google Flags (gflags) version 2.2.2: /usr/lib/x86_64-linux-gnu/cmake/gflags[0m
[0.331s] -- No preference for use of exported glog CMake configuration set, and no hints for include/library directories provided. Defaulting to preferring an installed/exported glog CMake configuration if available.
[0.331s] -- Found installed version of glog: /usr/lib/x86_64-linux-gnu/cmake/glog
[0.331s] -- Detected glog version: 0.4.0
[0.332s] [0m-- Found Google Log (glog). Assuming glog was built with gflags support as gflags was found. This will make gflags a public dependency of Ceres.[0m
[0.332s] [0m-- Using Ceres threading model: CXX_THREADS[0m
[0.332s] [0m-- Building Ceres as a static library.[0m
[0.332s] -- Enabling CERES_USE_EIGEN_SPARSE in Ceres config.h
[0.333s] -- Enabling CERES_NO_SUITESPARSE in Ceres config.h
[0.333s] -- Enabling CERES_NO_ACCELERATE_SPARSE in Ceres config.h
[0.333s] -- Enabling CERES_USE_CXX_THREADS in Ceres config.h
[0.335s] [0m-- Do not build any example.[0m
[0.383s] -- Configuring done
[0.403s] -- Generating done
[0.407s] -- Build files have been written to: /home/eugene/source/lidar_odometry_ros_wrapper/build/lidar_odometry_ros
[0.414s] Invoked command in '/home/eugene/source/lidar_odometry_ros_wrapper/build/lidar_odometry_ros' returned '0': CMAKE_PREFIX_PATH=/opt/ros/humble /usr/bin/cmake /home/eugene/source/lidar_odometry_ros_wrapper -DAMENT_CMAKE_SYMLINK_INSTALL=1 -DCMAKE_INSTALL_PREFIX=/home/eugene/source/lidar_odometry_ros_wrapper/install/lidar_odometry_ros
[0.415s] Invoking command in '/home/eugene/source/lidar_odometry_ros_wrapper/build/lidar_odometry_ros': CMAKE_PREFIX_PATH=/opt/ros/humble /usr/bin/cmake --build /home/eugene/source/lidar_odometry_ros_wrapper/build/lidar_odometry_ros -- -j28 -l28
[0.466s] [35m[1mConsolidate compiler generated dependencies of target ceres[0m
[0.542s] [ 93%] Built target ceres
[0.552s] [35m[1mConsolidate compiler generated dependencies of target lidar_odometry_node[0m
[0.576s] [ 93%] [32mBuilding CXX object CMakeFiles/lidar_odometry_node.dir/src/lidar_odometry_ros.cpp.o[0m
[11.202s] [ 94%] [32m[1mLinking CXX executable lidar_odometry_node[0m
[11.575s] [100%] Built target lidar_odometry_node
[11.583s] Invoked command in '/home/eugene/source/lidar_odometry_ros_wrapper/build/lidar_odometry_ros' returned '0': CMAKE_PREFIX_PATH=/opt/ros/humble /usr/bin/cmake --build /home/eugene/source/lidar_odometry_ros_wrapper/build/lidar_odometry_ros -- -j28 -l28
[11.587s] Invoking command in '/home/eugene/source/lidar_odometry_ros_wrapper/build/lidar_odometry_ros': CMAKE_PREFIX_PATH=/opt/ros/humble /usr/bin/cmake --install /home/eugene/source/lidar_odometry_ros_wrapper/build/lidar_odometry_ros
[11.592s] -- Install configuration: "Release"
[11.593s] -- Execute custom install script
[11.593s] -- Symlinking: /home/eugene/source/lidar_odometry_ros_wrapper/install/lidar_odometry_ros/include/ceres/autodiff_cost_function.h
[11.597s] -- Symlinking: /home/eugene/source/lidar_odometry_ros_wrapper/install/lidar_odometry_ros/include/ceres/autodiff_first_order_function.h
[11.601s] -- Symlinking: /home/eugene/source/lidar_odometry_ros_wrapper/install/lidar_odometry_ros/include/ceres/autodiff_local_parameterization.h
[11.606s] -- Symlinking: /home/eugene/source/lidar_odometry_ros_wrapper/install/lidar_odometry_ros/include/ceres/c_api.h
[11.611s] -- Symlinking: /home/eugene/source/lidar_odometry_ros_wrapper/install/lidar_odometry_ros/include/ceres/ceres.h
[11.615s] -- Symlinking: /home/eugene/source/lidar_odometry_ros_wrapper/install/lidar_odometry_ros/include/ceres/conditioned_cost_function.h
[11.620s] -- Symlinking: /home/eugene/source/lidar_odometry_ros_wrapper/install/lidar_odometry_ros/include/ceres/context.h
[11.625s] -- Symlinking: /home/eugene/source/lidar_odometry_ros_wrapper/install/lidar_odometry_ros/include/ceres/cost_function.h
[11.628s] -- Symlinking: /home/eugene/source/lidar_odometry_ros_wrapper/install/lidar_odometry_ros/include/ceres/cost_function_to_functor.h
[11.633s] -- Symlinking: /home/eugene/source/lidar_odometry_ros_wrapper/install/lidar_odometry_ros/include/ceres/covariance.h
[11.638s] -- Symlinking: /home/eugene/source/lidar_odometry_ros_wrapper/install/lidar_odometry_ros/include/ceres/crs_matrix.h
[11.642s] -- Symlinking: /home/eugene/source/lidar_odometry_ros_wrapper/install/lidar_odometry_ros/include/ceres/cubic_interpolation.h
[11.648s] -- Symlinking: /home/eugene/source/lidar_odometry_ros_wrapper/install/lidar_odometry_ros/include/ceres/dynamic_autodiff_cost_function.h
[11.652s] -- Symlinking: /home/eugene/source/lidar_odometry_ros_wrapper/install/lidar_odometry_ros/include/ceres/dynamic_cost_function.h
[11.656s] -- Symlinking: /home/eugene/source/lidar_odometry_ros_wrapper/install/lidar_odometry_ros/include/ceres/dynamic_cost_function_to_functor.h
[11.660s] -- Symlinking: /home/eugene/source/lidar_odometry_ros_wrapper/install/lidar_odometry_ros/include/ceres/dynamic_numeric_diff_cost_function.h
[11.665s] -- Symlinking: /home/eugene/source/lidar_odometry_ros_wrapper/install/lidar_odometry_ros/include/ceres/evaluation_callback.h
[11.669s] -- Symlinking: /home/eugene/source/lidar_odometry_ros_wrapper/install/lidar_odometry_ros/include/ceres/first_order_function.h
[11.674s] -- Symlinking: /home/eugene/source/lidar_odometry_ros_wrapper/install/lidar_odometry_ros/include/ceres/gradient_checker.h
[11.679s] -- Symlinking: /home/eugene/source/lidar_odometry_ros_wrapper/install/lidar_odometry_ros/include/ceres/gradient_problem.h
[11.683s] -- Symlinking: /home/eugene/source/lidar_odometry_ros_wrapper/install/lidar_odometry_ros/include/ceres/gradient_problem_solver.h
[11.687s] -- Symlinking: /home/eugene/source/lidar_odometry_ros_wrapper/install/lidar_odometry_ros/include/ceres/iteration_callback.h
[11.692s] -- Symlinking: /home/eugene/source/lidar_odometry_ros_wrapper/install/lidar_odometry_ros/include/ceres/jet.h
[11.696s] -- Symlinking: /home/eugene/source/lidar_odometry_ros_wrapper/install/lidar_odometry_ros/include/ceres/local_parameterization.h
[11.699s] -- Symlinking: /home/eugene/source/lidar_odometry_ros_wrapper/install/lidar_odometry_ros/include/ceres/loss_function.h
[11.704s] -- Symlinking: /home/eugene/source/lidar_odometry_ros_wrapper/install/lidar_odometry_ros/include/ceres/normal_prior.h
[11.708s] -- Symlinking: /home/eugene/source/lidar_odometry_ros_wrapper/install/lidar_odometry_ros/include/ceres/numeric_diff_cost_function.h
[11.712s] -- Symlinking: /home/eugene/source/lidar_odometry_ros_wrapper/install/lidar_odometry_ros/include/ceres/numeric_diff_options.h
[11.716s] -- Symlinking: /home/eugene/source/lidar_odometry_ros_wrapper/install/lidar_odometry_ros/include/ceres/ordered_groups.h
[11.721s] -- Symlinking: /home/eugene/source/lidar_odometry_ros_wrapper/install/lidar_odometry_ros/include/ceres/problem.h
[11.725s] -- Symlinking: /home/eugene/source/lidar_odometry_ros_wrapper/install/lidar_odometry_ros/include/ceres/rotation.h
[11.729s] -- Symlinking: /home/eugene/source/lidar_odometry_ros_wrapper/install/lidar_odometry_ros/include/ceres/sized_cost_function.h
[11.733s] -- Symlinking: /home/eugene/source/lidar_odometry_ros_wrapper/install/lidar_odometry_ros/include/ceres/solver.h
[11.737s] -- Symlinking: /home/eugene/source/lidar_odometry_ros_wrapper/install/lidar_odometry_ros/include/ceres/tiny_solver.h
[11.741s] -- Symlinking: /home/eugene/source/lidar_odometry_ros_wrapper/install/lidar_odometry_ros/include/ceres/tiny_solver_autodiff_function.h
[11.746s] -- Symlinking: /home/eugene/source/lidar_odometry_ros_wrapper/install/lidar_odometry_ros/include/ceres/tiny_solver_cost_function_adapter.h
[11.751s] -- Symlinking: /home/eugene/source/lidar_odometry_ros_wrapper/install/lidar_odometry_ros/include/ceres/types.h
[11.755s] -- Symlinking: /home/eugene/source/lidar_odometry_ros_wrapper/install/lidar_odometry_ros/include/ceres/version.h
[11.760s] -- Symlinking: /home/eugene/source/lidar_odometry_ros_wrapper/install/lidar_odometry_ros/include/ceres/internal/array_selector.h
[11.764s] -- Symlinking: /home/eugene/source/lidar_odometry_ros_wrapper/install/lidar_odometry_ros/include/ceres/internal/autodiff.h
[11.768s] -- Symlinking: /home/eugene/source/lidar_odometry_ros_wrapper/install/lidar_odometry_ros/include/ceres/internal/disable_warnings.h
[11.771s] -- Symlinking: /home/eugene/source/lidar_odometry_ros_wrapper/install/lidar_odometry_ros/include/ceres/internal/eigen.h
[11.776s] -- Symlinking: /home/eugene/source/lidar_odometry_ros_wrapper/install/lidar_odometry_ros/include/ceres/internal/fixed_array.h
[11.782s] -- Symlinking: /home/eugene/source/lidar_odometry_ros_wrapper/install/lidar_odometry_ros/include/ceres/internal/householder_vector.h
[11.787s] -- Symlinking: /home/eugene/source/lidar_odometry_ros_wrapper/install/lidar_odometry_ros/include/ceres/internal/integer_sequence_algorithm.h
[11.792s] -- Symlinking: /home/eugene/source/lidar_odometry_ros_wrapper/install/lidar_odometry_ros/include/ceres/internal/line_parameterization.h
[11.796s] -- Symlinking: /home/eugene/source/lidar_odometry_ros_wrapper/install/lidar_odometry_ros/include/ceres/internal/memory.h
[11.800s] -- Symlinking: /home/eugene/source/lidar_odometry_ros_wrapper/install/lidar_odometry_ros/include/ceres/internal/numeric_diff.h
[11.804s] -- Symlinking: /home/eugene/source/lidar_odometry_ros_wrapper/install/lidar_odometry_ros/include/ceres/internal/parameter_dims.h
[11.809s] -- Symlinking: /home/eugene/source/lidar_odometry_ros_wrapper/install/lidar_odometry_ros/include/ceres/internal/port.h
[11.815s] -- Symlinking: /home/eugene/source/lidar_odometry_ros_wrapper/install/lidar_odometry_ros/include/ceres/internal/reenable_warnings.h
[11.820s] -- Symlinking: /home/eugene/source/lidar_odometry_ros_wrapper/install/lidar_odometry_ros/include/ceres/internal/variadic_evaluate.h
[11.824s] -- Symlinking: /home/eugene/source/lidar_odometry_ros_wrapper/install/lidar_odometry_ros/include/ceres/internal/config.h
[11.828s] -- Symlinking: /home/eugene/source/lidar_odometry_ros_wrapper/install/lidar_odometry_ros/lib/cmake/Ceres/CeresConfig.cmake
[11.833s] -- Symlinking: /home/eugene/source/lidar_odometry_ros_wrapper/install/lidar_odometry_ros/lib/cmake/Ceres/CeresConfigVersion.cmake
[11.837s] -- Symlinking: /home/eugene/source/lidar_odometry_ros_wrapper/install/lidar_odometry_ros/lib/lidar_odometry_ros/lidar_odometry_node
[11.843s] -- Symlinking: /home/eugene/source/lidar_odometry_ros_wrapper/install/lidar_odometry_ros/share/lidar_odometry_ros/launch/lidar_odometry.launch.py
[11.848s] -- Symlinking: /home/eugene/source/lidar_odometry_ros_wrapper/install/lidar_odometry_ros/share/lidar_odometry_ros/config/kitti.yaml
[11.852s] -- Symlinking: /home/eugene/source/lidar_odometry_ros_wrapper/install/lidar_odometry_ros/share/lidar_odometry_ros/rviz/lidar_odometry.rviz
[11.856s] -- Symlinking: /home/eugene/source/lidar_odometry_ros_wrapper/install/lidar_odometry_ros/share/ament_index/resource_index/package_run_dependencies/lidar_odometry_ros
[11.860s] -- Symlinking: /home/eugene/source/lidar_odometry_ros_wrapper/install/lidar_odometry_ros/share/ament_index/resource_index/parent_prefix_path/lidar_odometry_ros
[11.865s] -- Symlinking: /home/eugene/source/lidar_odometry_ros_wrapper/install/lidar_odometry_ros/share/lidar_odometry_ros/environment/ament_prefix_path.sh
[11.869s] -- Symlinking: /home/eugene/source/lidar_odometry_ros_wrapper/install/lidar_odometry_ros/share/lidar_odometry_ros/environment/ament_prefix_path.dsv
[11.874s] -- Symlinking: /home/eugene/source/lidar_odometry_ros_wrapper/install/lidar_odometry_ros/share/lidar_odometry_ros/environment/path.sh
[11.879s] -- Symlinking: /home/eugene/source/lidar_odometry_ros_wrapper/install/lidar_odometry_ros/share/lidar_odometry_ros/environment/path.dsv
[11.883s] -- Symlinking: /home/eugene/source/lidar_odometry_ros_wrapper/install/lidar_odometry_ros/share/lidar_odometry_ros/local_setup.bash
[11.887s] -- Symlinking: /home/eugene/source/lidar_odometry_ros_wrapper/install/lidar_odometry_ros/share/lidar_odometry_ros/local_setup.sh
[11.892s] -- Symlinking: /home/eugene/source/lidar_odometry_ros_wrapper/install/lidar_odometry_ros/share/lidar_odometry_ros/local_setup.zsh
[11.896s] -- Symlinking: /home/eugene/source/lidar_odometry_ros_wrapper/install/lidar_odometry_ros/share/lidar_odometry_ros/local_setup.dsv
[11.901s] -- Symlinking: /home/eugene/source/lidar_odometry_ros_wrapper/install/lidar_odometry_ros/share/lidar_odometry_ros/package.dsv
[11.905s] -- Symlinking: /home/eugene/source/lidar_odometry_ros_wrapper/install/lidar_odometry_ros/share/ament_index/resource_index/packages/lidar_odometry_ros
[11.909s] -- Symlinking: /home/eugene/source/lidar_odometry_ros_wrapper/install/lidar_odometry_ros/share/lidar_odometry_ros/cmake/lidar_odometry_rosConfig.cmake
[11.913s] -- Symlinking: /home/eugene/source/lidar_odometry_ros_wrapper/install/lidar_odometry_ros/share/lidar_odometry_ros/cmake/lidar_odometry_rosConfig-version.cmake
[11.918s] -- Symlinking: /home/eugene/source/lidar_odometry_ros_wrapper/install/lidar_odometry_ros/share/lidar_odometry_ros/package.xml
[11.924s] Invoked command in '/home/eugene/source/lidar_odometry_ros_wrapper/build/lidar_odometry_ros' returned '0': CMAKE_PREFIX_PATH=/opt/ros/humble /usr/bin/cmake --install /home/eugene/source/lidar_odometry_ros_wrapper/build/lidar_odometry_ros
