[0.005s] Invoking command in '/home/eugene/source/lidar_odometry_ros_wrapper/build/lidar_odometry_ros': CMAKE_PREFIX_PATH=${CMAKE_PREFIX_PATH}:/opt/ros/humble /usr/bin/cmake --build /home/eugene/source/lidar_odometry_ros_wrapper/build/lidar_odometry_ros -- -j28 -l28
[0.021s] -- Found ament_cmake: 1.3.12 (/opt/ros/humble/share/ament_cmake/cmake)
[0.082s] -- Found rclcpp: 16.0.14 (/opt/ros/humble/share/rclcpp/cmake)
[0.095s] -- Found rosidl_generator_c: 3.1.7 (/opt/ros/humble/share/rosidl_generator_c/cmake)
[0.096s] -- Found rosidl_adapter: 3.1.7 (/opt/ros/humble/share/rosidl_adapter/cmake)
[0.099s] -- Found rosidl_generator_cpp: 3.1.7 (/opt/ros/humble/share/rosidl_generator_cpp/cmake)
[0.103s] -- Using all available rosidl_typesupport_c: rosidl_typesupport_fastrtps_c;rosidl_typesupport_introspection_c
[0.108s] -- Using all available rosidl_typesupport_cpp: rosidl_typesupport_fastrtps_cpp;rosidl_typesupport_introspection_cpp
[0.122s] -- Found rmw_implementation_cmake: 6.1.2 (/opt/ros/humble/share/rmw_implementation_cmake/cmake)
[0.123s] -- Found rmw_fastrtps_cpp: 6.2.8 (/opt/ros/humble/share/rmw_fastrtps_cpp/cmake)
[0.179s] -- Using RMW implementation 'rmw_fastrtps_cpp' as default
[0.201s] -- Found sensor_msgs: 4.9.0 (/opt/ros/humble/share/sensor_msgs/cmake)
[0.214s] -- Found nav_msgs: 4.9.0 (/opt/ros/humble/share/nav_msgs/cmake)
[0.221s] -- Found visualization_msgs: 4.9.0 (/opt/ros/humble/share/visualization_msgs/cmake)
[0.230s] -- Found tf2: 0.25.15 (/opt/ros/humble/share/tf2/cmake)
[0.232s] -- Found tf2_ros: 0.25.15 (/opt/ros/humble/share/tf2_ros/cmake)
[0.267s] -- Found tf2_geometry_msgs: 0.25.15 (/opt/ros/humble/share/tf2_geometry_msgs/cmake)
[0.268s] -- Found eigen3_cmake_module: 0.1.1 (/opt/ros/humble/share/eigen3_cmake_module/cmake)
[0.269s] -- Found Eigen3: TRUE (found version "3.4.0") 
[0.269s] -- Ensuring Eigen3 include directory is part of orocos-kdl CMake target
[0.275s] -- Eigen found (include: /usr/include/eigen3, version: 3.4.0)
[0.289s] -- FLANN found (include: /usr/include, lib: /usr/lib/x86_64-linux-gnu/libflann_cpp.so)
[0.290s] -- looking for PCL_COMMON
[0.290s] -- looking for PCL_KDTREE
[0.290s] -- looking for PCL_OCTREE
[0.290s] -- looking for PCL_SEARCH
[0.290s] -- looking for PCL_SAMPLE_CONSENSUS
[0.291s] -- looking for PCL_FILTERS
[0.291s] -- Found pcl_conversions: 2.4.5 (/opt/ros/humble/share/pcl_conversions/cmake)
[0.307s] -- Detected Ceres version: 2.0.0 from /home/eugene/source/lidar_odometry_ros_wrapper/lidar_odometry/thirdparty/ceres-solver/include/ceres/version.h
[0.309s] [0m-- Detected available Ceres threading models: [CXX_THREADS, OPENMP, NO_THREADS][0m
[0.309s] [0m-- Building with C++17[0m
[0.310s] -- Found Eigen3: TRUE (found suitable version "3.4.0", minimum required is "3.3") 
[0.310s] [0m-- Found Eigen version 3.4.0: /usr/include/eigen3[0m
[0.310s] [0m-- Enabling use of Eigen as a sparse linear algebra library.[0m
[0.329s] [0m-- Found LAPACK library: /usr/lib/x86_64-linux-gnu/liblapack.so;/usr/lib/x86_64-linux-gnu/libblas.so;/usr/lib/x86_64-linux-gnu/libf77blas.so;/usr/lib/x86_64-linux-gnu/libatlas.so[0m
[0.329s] [0m-- Building without SuiteSparse.[0m
[0.329s] [0m-- Found CXSparse version: 3.2.0, building with CXSparse.[0m
[0.329s] [0m-- Building without Apple's Accelerate sparse support.[0m
[0.330s] [0m-- Found Google Flags (gflags) version 2.2.2: /usr/lib/x86_64-linux-gnu/cmake/gflags[0m
[0.330s] -- No preference for use of exported glog CMake configuration set, and no hints for include/library directories provided. Defaulting to preferring an installed/exported glog CMake configuration if available.
[0.331s] -- Found installed version of glog: /usr/lib/x86_64-linux-gnu/cmake/glog
[0.331s] -- Detected glog version: 0.4.0
[0.331s] [0m-- Found Google Log (glog). Assuming glog was built with gflags support as gflags was found. This will make gflags a public dependency of Ceres.[0m
[0.331s] [0m-- Using Ceres threading model: CXX_THREADS[0m
[0.331s] [0m-- Building Ceres as a static library.[0m
[0.332s] -- Enabling CERES_USE_EIGEN_SPARSE in Ceres config.h
[0.332s] -- Enabling CERES_NO_SUITESPARSE in Ceres config.h
[0.332s] -- Enabling CERES_NO_ACCELERATE_SPARSE in Ceres config.h
[0.332s] -- Enabling CERES_USE_CXX_THREADS in Ceres config.h
[0.334s] [0m-- Do not build any example.[0m
[0.378s] -- Configuring done
[0.400s] -- Generating done
[0.404s] -- Build files have been written to: /home/eugene/source/lidar_odometry_ros_wrapper/build/lidar_odometry_ros
[0.448s] [35m[1mConsolidate compiler generated dependencies of target ceres[0m
[0.530s] [ 93%] Built target ceres
[0.541s] [35m[1mConsolidate compiler generated dependencies of target lidar_odometry_node[0m
[0.566s] [ 93%] [32mBuilding CXX object CMakeFiles/lidar_odometry_node.dir/src/lidar_odometry_ros.cpp.o[0m
[11.319s] [ 94%] [32m[1mLinking CXX executable lidar_odometry_node[0m
[11.688s] [100%] Built target lidar_odometry_node
[11.697s] Invoked command in '/home/eugene/source/lidar_odometry_ros_wrapper/build/lidar_odometry_ros' returned '0': CMAKE_PREFIX_PATH=${CMAKE_PREFIX_PATH}:/opt/ros/humble /usr/bin/cmake --build /home/eugene/source/lidar_odometry_ros_wrapper/build/lidar_odometry_ros -- -j28 -l28
[11.702s] Invoking command in '/home/eugene/source/lidar_odometry_ros_wrapper/build/lidar_odometry_ros': CMAKE_PREFIX_PATH=${CMAKE_PREFIX_PATH}:/opt/ros/humble /usr/bin/cmake --install /home/eugene/source/lidar_odometry_ros_wrapper/build/lidar_odometry_ros
[11.706s] -- Install configuration: "Release"
[11.707s] -- Installing: /home/eugene/source/lidar_odometry_ros_wrapper/install/lidar_odometry_ros/lib/lidar_odometry_ros/lidar_odometry_node
[11.710s] -- Set runtime path of "/home/eugene/source/lidar_odometry_ros_wrapper/install/lidar_odometry_ros/lib/lidar_odometry_ros/lidar_odometry_node" to ""
[11.710s] -- Up-to-date: /home/eugene/source/lidar_odometry_ros_wrapper/install/lidar_odometry_ros/share/lidar_odometry_ros/launch
[11.710s] -- Up-to-date: /home/eugene/source/lidar_odometry_ros_wrapper/install/lidar_odometry_ros/share/lidar_odometry_ros/launch/lidar_odometry.launch.py
[11.710s] -- Up-to-date: /home/eugene/source/lidar_odometry_ros_wrapper/install/lidar_odometry_ros/share/lidar_odometry_ros/config
[11.710s] -- Up-to-date: /home/eugene/source/lidar_odometry_ros_wrapper/install/lidar_odometry_ros/share/lidar_odometry_ros/config/lidar_odometry_ros.yaml
[11.710s] -- Up-to-date: /home/eugene/source/lidar_odometry_ros_wrapper/install/lidar_odometry_ros/share/lidar_odometry_ros/rviz
[11.710s] -- Up-to-date: /home/eugene/source/lidar_odometry_ros_wrapper/install/lidar_odometry_ros/share/lidar_odometry_ros/rviz/lidar_odometry.rviz
[11.710s] -- Up-to-date: /home/eugene/source/lidar_odometry_ros_wrapper/install/lidar_odometry_ros/share/ament_index/resource_index/package_run_dependencies/lidar_odometry_ros
[11.710s] -- Installing: /home/eugene/source/lidar_odometry_ros_wrapper/install/lidar_odometry_ros/share/ament_index/resource_index/parent_prefix_path/lidar_odometry_ros
[11.710s] -- Up-to-date: /home/eugene/source/lidar_odometry_ros_wrapper/install/lidar_odometry_ros/share/lidar_odometry_ros/environment/ament_prefix_path.sh
[11.710s] -- Installing: /home/eugene/source/lidar_odometry_ros_wrapper/install/lidar_odometry_ros/share/lidar_odometry_ros/environment/ament_prefix_path.dsv
[11.710s] -- Up-to-date: /home/eugene/source/lidar_odometry_ros_wrapper/install/lidar_odometry_ros/share/lidar_odometry_ros/environment/path.sh
[11.710s] -- Installing: /home/eugene/source/lidar_odometry_ros_wrapper/install/lidar_odometry_ros/share/lidar_odometry_ros/environment/path.dsv
[11.710s] -- Up-to-date: /home/eugene/source/lidar_odometry_ros_wrapper/install/lidar_odometry_ros/share/lidar_odometry_ros/local_setup.bash
[11.710s] -- Up-to-date: /home/eugene/source/lidar_odometry_ros_wrapper/install/lidar_odometry_ros/share/lidar_odometry_ros/local_setup.sh
[11.710s] -- Up-to-date: /home/eugene/source/lidar_odometry_ros_wrapper/install/lidar_odometry_ros/share/lidar_odometry_ros/local_setup.zsh
[11.710s] -- Installing: /home/eugene/source/lidar_odometry_ros_wrapper/install/lidar_odometry_ros/share/lidar_odometry_ros/local_setup.dsv
[11.710s] -- Installing: /home/eugene/source/lidar_odometry_ros_wrapper/install/lidar_odometry_ros/share/lidar_odometry_ros/package.dsv
[11.710s] -- Up-to-date: /home/eugene/source/lidar_odometry_ros_wrapper/install/lidar_odometry_ros/share/ament_index/resource_index/packages/lidar_odometry_ros
[11.710s] -- Up-to-date: /home/eugene/source/lidar_odometry_ros_wrapper/install/lidar_odometry_ros/share/lidar_odometry_ros/cmake/lidar_odometry_rosConfig.cmake
[11.710s] -- Up-to-date: /home/eugene/source/lidar_odometry_ros_wrapper/install/lidar_odometry_ros/share/lidar_odometry_ros/cmake/lidar_odometry_rosConfig-version.cmake
[11.710s] -- Up-to-date: /home/eugene/source/lidar_odometry_ros_wrapper/install/lidar_odometry_ros/share/lidar_odometry_ros/package.xml
[11.711s] Invoked command in '/home/eugene/source/lidar_odometry_ros_wrapper/build/lidar_odometry_ros' returned '0': CMAKE_PREFIX_PATH=${CMAKE_PREFIX_PATH}:/opt/ros/humble /usr/bin/cmake --install /home/eugene/source/lidar_odometry_ros_wrapper/build/lidar_odometry_ros
